[0.970s] Invoking command in '/home/itti_jammy/Desktop/baldybot_cs/src/baldybot_cs_commands': PYTHONPATH=/home/itti_jammy/Desktop/baldybot_cs/build/baldybot_cs_commands/prefix_override:/usr/lib/python3/dist-packages/colcon_core/task/python/colcon_distutils_commands:/home/itti_jammy/Desktop/baldybot_cs/install/baldybot_cs_commands/lib/python3.10/site-packages:${PYTHONPATH} /usr/bin/python3 -W ignore:setup.py install is deprecated -W ignore:easy_install command is deprecated setup.py egg_info --egg-base ../../build/baldybot_cs_commands build --build-base /home/itti_jammy/Desktop/baldybot_cs/build/baldybot_cs_commands/build install --record /home/itti_jammy/Desktop/baldybot_cs/build/baldybot_cs_commands/install.log --single-version-externally-managed install_data
[1.294s] running egg_info
[1.295s] writing ../../build/baldybot_cs_commands/baldybot_cs_commands.egg-info/PKG-INFO
[1.295s] writing dependency_links to ../../build/baldybot_cs_commands/baldybot_cs_commands.egg-info/dependency_links.txt
[1.296s] writing entry points to ../../build/baldybot_cs_commands/baldybot_cs_commands.egg-info/entry_points.txt
[1.296s] writing requirements to ../../build/baldybot_cs_commands/baldybot_cs_commands.egg-info/requires.txt
[1.296s] writing top-level names to ../../build/baldybot_cs_commands/baldybot_cs_commands.egg-info/top_level.txt
[1.299s] reading manifest file '../../build/baldybot_cs_commands/baldybot_cs_commands.egg-info/SOURCES.txt'
[1.300s] writing manifest file '../../build/baldybot_cs_commands/baldybot_cs_commands.egg-info/SOURCES.txt'
[1.300s] running build
[1.301s] running build_py
[1.301s] running install
[1.301s] running install_lib
[1.305s] running install_data
[1.305s] running install_egg_info
[1.308s] removing '/home/itti_jammy/Desktop/baldybot_cs/install/baldybot_cs_commands/lib/python3.10/site-packages/baldybot_cs_commands-0.0.0-py3.10.egg-info' (and everything under it)
[1.309s] Copying ../../build/baldybot_cs_commands/baldybot_cs_commands.egg-info to /home/itti_jammy/Desktop/baldybot_cs/install/baldybot_cs_commands/lib/python3.10/site-packages/baldybot_cs_commands-0.0.0-py3.10.egg-info
[1.311s] running install_scripts
[1.341s] Installing arm_gripper_commands script to /home/itti_jammy/Desktop/baldybot_cs/install/baldybot_cs_commands/lib/baldybot_cs_commands
[1.341s] Installing slow_joy script to /home/itti_jammy/Desktop/baldybot_cs/install/baldybot_cs_commands/lib/baldybot_cs_commands
[1.341s] Installing two_wheel_joy script to /home/itti_jammy/Desktop/baldybot_cs/install/baldybot_cs_commands/lib/baldybot_cs_commands
[1.341s] writing list of installed files to '/home/itti_jammy/Desktop/baldybot_cs/build/baldybot_cs_commands/install.log'
[1.399s] Invoked command in '/home/itti_jammy/Desktop/baldybot_cs/src/baldybot_cs_commands' returned '0': PYTHONPATH=/home/itti_jammy/Desktop/baldybot_cs/build/baldybot_cs_commands/prefix_override:/usr/lib/python3/dist-packages/colcon_core/task/python/colcon_distutils_commands:/home/itti_jammy/Desktop/baldybot_cs/install/baldybot_cs_commands/lib/python3.10/site-packages:${PYTHONPATH} /usr/bin/python3 -W ignore:setup.py install is deprecated -W ignore:easy_install command is deprecated setup.py egg_info --egg-base ../../build/baldybot_cs_commands build --build-base /home/itti_jammy/Desktop/baldybot_cs/build/baldybot_cs_commands/build install --record /home/itti_jammy/Desktop/baldybot_cs/build/baldybot_cs_commands/install.log --single-version-externally-managed install_data
