[0.029s] Invoking command in '/home/itti_jammy/Desktop/baldybot_cs/src/build/baldybot_cs_bringup': CMAKE_PREFIX_PATH=${CMAKE_PREFIX_PATH}:/home/itti_jammy/Desktop/baldybot_cs/install/baldybot_cs_commands:/home/itti_jammy/ros2_ws_jammy/install/my_py_pkg:/home/itti_jammy/RoverBaldies_ws/install/baldybot_CS:/opt/ros/humble /usr/bin/cmake /home/itti_jammy/Desktop/baldybot_cs/src/baldybot_cs_bringup -DCMAKE_INSTALL_PREFIX=/home/itti_jammy/Desktop/baldybot_cs/src/install/baldybot_cs_bringup
[0.190s] -- The C compiler identification is GNU 11.4.0
[0.340s] -- The CXX compiler identification is GNU 11.4.0
[0.364s] -- Detecting C compiler ABI info
[0.519s] -- Detecting C compiler ABI info - done
[0.542s] -- Check for working C compiler: /usr/bin/cc - skipped
[0.543s] -- Detecting C compile features
[0.545s] -- Detecting C compile features - done
[0.551s] -- Detecting CXX compiler ABI info
[0.737s] -- Detecting CXX compiler ABI info - done
[0.758s] -- Check for working CXX compiler: /usr/bin/c++ - skipped
[0.758s] -- Detecting CXX compile features
[0.760s] -- Detecting CXX compile features - done
[0.778s] -- Found ament_cmake: 1.3.11 (/opt/ros/humble/share/ament_cmake/cmake)
[1.833s] -- Found Python3: /home/itti_jammy/.pyenv/shims/python3 (found version "3.10.12") found components: Interpreter 
[2.364s] -- Configuring done
[2.370s] -- Generating done
[2.373s] -- Build files have been written to: /home/itti_jammy/Desktop/baldybot_cs/src/build/baldybot_cs_bringup
[2.381s] Invoked command in '/home/itti_jammy/Desktop/baldybot_cs/src/build/baldybot_cs_bringup' returned '0': CMAKE_PREFIX_PATH=${CMAKE_PREFIX_PATH}:/home/itti_jammy/Desktop/baldybot_cs/install/baldybot_cs_commands:/home/itti_jammy/ros2_ws_jammy/install/my_py_pkg:/home/itti_jammy/RoverBaldies_ws/install/baldybot_CS:/opt/ros/humble /usr/bin/cmake /home/itti_jammy/Desktop/baldybot_cs/src/baldybot_cs_bringup -DCMAKE_INSTALL_PREFIX=/home/itti_jammy/Desktop/baldybot_cs/src/install/baldybot_cs_bringup
[2.385s] Invoking command in '/home/itti_jammy/Desktop/baldybot_cs/src/build/baldybot_cs_bringup': CMAKE_PREFIX_PATH=${CMAKE_PREFIX_PATH}:/home/itti_jammy/Desktop/baldybot_cs/install/baldybot_cs_commands:/home/itti_jammy/ros2_ws_jammy/install/my_py_pkg:/home/itti_jammy/RoverBaldies_ws/install/baldybot_CS:/opt/ros/humble /usr/bin/cmake --build /home/itti_jammy/Desktop/baldybot_cs/src/build/baldybot_cs_bringup -- -j16 -l16
[2.475s] Invoked command in '/home/itti_jammy/Desktop/baldybot_cs/src/build/baldybot_cs_bringup' returned '0': CMAKE_PREFIX_PATH=${CMAKE_PREFIX_PATH}:/home/itti_jammy/Desktop/baldybot_cs/install/baldybot_cs_commands:/home/itti_jammy/ros2_ws_jammy/install/my_py_pkg:/home/itti_jammy/RoverBaldies_ws/install/baldybot_CS:/opt/ros/humble /usr/bin/cmake --build /home/itti_jammy/Desktop/baldybot_cs/src/build/baldybot_cs_bringup -- -j16 -l16
[2.502s] Invoking command in '/home/itti_jammy/Desktop/baldybot_cs/src/build/baldybot_cs_bringup': CMAKE_PREFIX_PATH=${CMAKE_PREFIX_PATH}:/home/itti_jammy/Desktop/baldybot_cs/install/baldybot_cs_commands:/home/itti_jammy/ros2_ws_jammy/install/my_py_pkg:/home/itti_jammy/RoverBaldies_ws/install/baldybot_CS:/opt/ros/humble /usr/bin/cmake --install /home/itti_jammy/Desktop/baldybot_cs/src/build/baldybot_cs_bringup
[2.520s] -- Install configuration: ""
[2.521s] -- Installing: /home/itti_jammy/Desktop/baldybot_cs/src/install/baldybot_cs_bringup/share/baldybot_cs_bringup//config
[2.521s] -- Installing: /home/itti_jammy/Desktop/baldybot_cs/src/install/baldybot_cs_bringup/share/baldybot_cs_bringup//config/teleop_joystick.yaml
[2.521s] -- Installing: /home/itti_jammy/Desktop/baldybot_cs/src/install/baldybot_cs_bringup/share/baldybot_cs_bringup//launch
[2.521s] -- Installing: /home/itti_jammy/Desktop/baldybot_cs/src/install/baldybot_cs_bringup/share/baldybot_cs_bringup//launch/teleop_joystick.launch.py
[2.522s] -- Installing: /home/itti_jammy/Desktop/baldybot_cs/src/install/baldybot_cs_bringup/share/ament_index/resource_index/package_run_dependencies/baldybot_cs_bringup
[2.522s] -- Installing: /home/itti_jammy/Desktop/baldybot_cs/src/install/baldybot_cs_bringup/share/ament_index/resource_index/parent_prefix_path/baldybot_cs_bringup
[2.522s] -- Installing: /home/itti_jammy/Desktop/baldybot_cs/src/install/baldybot_cs_bringup/share/baldybot_cs_bringup/environment/ament_prefix_path.sh
[2.523s] -- Installing: /home/itti_jammy/Desktop/baldybot_cs/src/install/baldybot_cs_bringup/share/baldybot_cs_bringup/environment/ament_prefix_path.dsv
[2.523s] -- Installing: /home/itti_jammy/Desktop/baldybot_cs/src/install/baldybot_cs_bringup/share/baldybot_cs_bringup/environment/path.sh
[2.523s] -- Installing: /home/itti_jammy/Desktop/baldybot_cs/src/install/baldybot_cs_bringup/share/baldybot_cs_bringup/environment/path.dsv
[2.524s] -- Installing: /home/itti_jammy/Desktop/baldybot_cs/src/install/baldybot_cs_bringup/share/baldybot_cs_bringup/local_setup.bash
[2.524s] -- Installing: /home/itti_jammy/Desktop/baldybot_cs/src/install/baldybot_cs_bringup/share/baldybot_cs_bringup/local_setup.sh
[2.524s] -- Installing: /home/itti_jammy/Desktop/baldybot_cs/src/install/baldybot_cs_bringup/share/baldybot_cs_bringup/local_setup.zsh
[2.525s] -- Installing: /home/itti_jammy/Desktop/baldybot_cs/src/install/baldybot_cs_bringup/share/baldybot_cs_bringup/local_setup.dsv
[2.525s] -- Installing: /home/itti_jammy/Desktop/baldybot_cs/src/install/baldybot_cs_bringup/share/baldybot_cs_bringup/package.dsv
[2.525s] -- Installing: /home/itti_jammy/Desktop/baldybot_cs/src/install/baldybot_cs_bringup/share/ament_index/resource_index/packages/baldybot_cs_bringup
[2.526s] -- Installing: /home/itti_jammy/Desktop/baldybot_cs/src/install/baldybot_cs_bringup/share/baldybot_cs_bringup/cmake/baldybot_cs_bringupConfig.cmake
[2.526s] -- Installing: /home/itti_jammy/Desktop/baldybot_cs/src/install/baldybot_cs_bringup/share/baldybot_cs_bringup/cmake/baldybot_cs_bringupConfig-version.cmake
[2.527s] -- Installing: /home/itti_jammy/Desktop/baldybot_cs/src/install/baldybot_cs_bringup/share/baldybot_cs_bringup/package.xml
[2.533s] Invoked command in '/home/itti_jammy/Desktop/baldybot_cs/src/build/baldybot_cs_bringup' returned '0': CMAKE_PREFIX_PATH=${CMAKE_PREFIX_PATH}:/home/itti_jammy/Desktop/baldybot_cs/install/baldybot_cs_commands:/home/itti_jammy/ros2_ws_jammy/install/my_py_pkg:/home/itti_jammy/RoverBaldies_ws/install/baldybot_CS:/opt/ros/humble /usr/bin/cmake --install /home/itti_jammy/Desktop/baldybot_cs/src/build/baldybot_cs_bringup
