[1.004s] Invoking command in '/home/itti_jammy/Desktop/baldybot_cs/src/baldybot_cs_commands': PYTHONPATH=/home/itti_jammy/Desktop/baldybot_cs/src/build/baldybot_cs_commands/prefix_override:/usr/lib/python3/dist-packages/colcon_core/task/python/colcon_distutils_commands:/home/itti_jammy/Desktop/baldybot_cs/src/install/baldybot_cs_commands/lib/python3.10/site-packages:${PYTHONPATH} /usr/bin/python3 -W ignore:setup.py install is deprecated -W ignore:easy_install command is deprecated setup.py egg_info --egg-base ../build/baldybot_cs_commands build --build-base /home/itti_jammy/Desktop/baldybot_cs/src/build/baldybot_cs_commands/build install --record /home/itti_jammy/Desktop/baldybot_cs/src/build/baldybot_cs_commands/install.log --single-version-externally-managed install_data
[1.347s] running egg_info
[1.348s] creating ../build/baldybot_cs_commands/baldybot_cs_commands.egg-info
[1.348s] writing ../build/baldybot_cs_commands/baldybot_cs_commands.egg-info/PKG-INFO
[1.348s] writing dependency_links to ../build/baldybot_cs_commands/baldybot_cs_commands.egg-info/dependency_links.txt
[1.349s] writing entry points to ../build/baldybot_cs_commands/baldybot_cs_commands.egg-info/entry_points.txt
[1.349s] writing requirements to ../build/baldybot_cs_commands/baldybot_cs_commands.egg-info/requires.txt
[1.349s] writing top-level names to ../build/baldybot_cs_commands/baldybot_cs_commands.egg-info/top_level.txt
[1.349s] writing manifest file '../build/baldybot_cs_commands/baldybot_cs_commands.egg-info/SOURCES.txt'
[1.351s] reading manifest file '../build/baldybot_cs_commands/baldybot_cs_commands.egg-info/SOURCES.txt'
[1.352s] writing manifest file '../build/baldybot_cs_commands/baldybot_cs_commands.egg-info/SOURCES.txt'
[1.352s] running build
[1.353s] running build_py
[1.353s] creating /home/itti_jammy/Desktop/baldybot_cs/src/build/baldybot_cs_commands/build
[1.353s] creating /home/itti_jammy/Desktop/baldybot_cs/src/build/baldybot_cs_commands/build/lib
[1.353s] creating /home/itti_jammy/Desktop/baldybot_cs/src/build/baldybot_cs_commands/build/lib/baldybot_cs_commands
[1.353s] copying baldybot_cs_commands/__init__.py -> /home/itti_jammy/Desktop/baldybot_cs/src/build/baldybot_cs_commands/build/lib/baldybot_cs_commands
[1.354s] copying baldybot_cs_commands/arm_gripper_commands.py -> /home/itti_jammy/Desktop/baldybot_cs/src/build/baldybot_cs_commands/build/lib/baldybot_cs_commands
[1.354s] running install
[1.354s] running install_lib
[1.355s] creating /home/itti_jammy/Desktop/baldybot_cs/src/install/baldybot_cs_commands/lib/python3.10/site-packages/baldybot_cs_commands
[1.355s] copying /home/itti_jammy/Desktop/baldybot_cs/src/build/baldybot_cs_commands/build/lib/baldybot_cs_commands/__init__.py -> /home/itti_jammy/Desktop/baldybot_cs/src/install/baldybot_cs_commands/lib/python3.10/site-packages/baldybot_cs_commands
[1.356s] copying /home/itti_jammy/Desktop/baldybot_cs/src/build/baldybot_cs_commands/build/lib/baldybot_cs_commands/arm_gripper_commands.py -> /home/itti_jammy/Desktop/baldybot_cs/src/install/baldybot_cs_commands/lib/python3.10/site-packages/baldybot_cs_commands
[1.357s] byte-compiling /home/itti_jammy/Desktop/baldybot_cs/src/install/baldybot_cs_commands/lib/python3.10/site-packages/baldybot_cs_commands/__init__.py to __init__.cpython-310.pyc
[1.357s] byte-compiling /home/itti_jammy/Desktop/baldybot_cs/src/install/baldybot_cs_commands/lib/python3.10/site-packages/baldybot_cs_commands/arm_gripper_commands.py to arm_gripper_commands.cpython-310.pyc
[1.357s] running install_data
[1.358s] creating /home/itti_jammy/Desktop/baldybot_cs/src/install/baldybot_cs_commands/share/ament_index
[1.358s] creating /home/itti_jammy/Desktop/baldybot_cs/src/install/baldybot_cs_commands/share/ament_index/resource_index
[1.358s] creating /home/itti_jammy/Desktop/baldybot_cs/src/install/baldybot_cs_commands/share/ament_index/resource_index/packages
[1.358s] copying resource/baldybot_cs_commands -> /home/itti_jammy/Desktop/baldybot_cs/src/install/baldybot_cs_commands/share/ament_index/resource_index/packages
[1.358s] copying package.xml -> /home/itti_jammy/Desktop/baldybot_cs/src/install/baldybot_cs_commands/share/baldybot_cs_commands
[1.359s] running install_egg_info
[1.361s] Copying ../build/baldybot_cs_commands/baldybot_cs_commands.egg-info to /home/itti_jammy/Desktop/baldybot_cs/src/install/baldybot_cs_commands/lib/python3.10/site-packages/baldybot_cs_commands-0.0.0-py3.10.egg-info
[1.362s] running install_scripts
[1.391s] Installing arm_gripper_commands script to /home/itti_jammy/Desktop/baldybot_cs/src/install/baldybot_cs_commands/lib/baldybot_cs_commands
[1.391s] writing list of installed files to '/home/itti_jammy/Desktop/baldybot_cs/src/build/baldybot_cs_commands/install.log'
[1.459s] Invoked command in '/home/itti_jammy/Desktop/baldybot_cs/src/baldybot_cs_commands' returned '0': PYTHONPATH=/home/itti_jammy/Desktop/baldybot_cs/src/build/baldybot_cs_commands/prefix_override:/usr/lib/python3/dist-packages/colcon_core/task/python/colcon_distutils_commands:/home/itti_jammy/Desktop/baldybot_cs/src/install/baldybot_cs_commands/lib/python3.10/site-packages:${PYTHONPATH} /usr/bin/python3 -W ignore:setup.py install is deprecated -W ignore:easy_install command is deprecated setup.py egg_info --egg-base ../build/baldybot_cs_commands build --build-base /home/itti_jammy/Desktop/baldybot_cs/src/build/baldybot_cs_commands/build install --record /home/itti_jammy/Desktop/baldybot_cs/src/build/baldybot_cs_commands/install.log --single-version-externally-managed install_data
