[0.020s] Invoking command in '/home/itti_jammy/Desktop/baldybot_cs/build/baldybot_cs_bringup': CMAKE_PREFIX_PATH=${CMAKE_PREFIX_PATH}:/home/itti_jammy/ros2_ws_jammy/install/my_py_pkg:/home/itti_jammy/RoverBaldies_ws/install/baldybot_CS:/opt/ros/humble /usr/bin/cmake --build /home/itti_jammy/Desktop/baldybot_cs/build/baldybot_cs_bringup -- -j16 -l16
[0.232s] Invoked command in '/home/itti_jammy/Desktop/baldybot_cs/build/baldybot_cs_bringup' returned '0': CMAKE_PREFIX_PATH=${CMAKE_PREFIX_PATH}:/home/itti_jammy/ros2_ws_jammy/install/my_py_pkg:/home/itti_jammy/RoverBaldies_ws/install/baldybot_CS:/opt/ros/humble /usr/bin/cmake --build /home/itti_jammy/Desktop/baldybot_cs/build/baldybot_cs_bringup -- -j16 -l16
[0.243s] Invoking command in '/home/itti_jammy/Desktop/baldybot_cs/build/baldybot_cs_bringup': CMAKE_PREFIX_PATH=${CMAKE_PREFIX_PATH}:/home/itti_jammy/ros2_ws_jammy/install/my_py_pkg:/home/itti_jammy/RoverBaldies_ws/install/baldybot_CS:/opt/ros/humble /usr/bin/cmake --install /home/itti_jammy/Desktop/baldybot_cs/build/baldybot_cs_bringup
[0.261s] -- Install configuration: ""
[0.261s] -- Up-to-date: /home/itti_jammy/Desktop/baldybot_cs/install/baldybot_cs_bringup/share/baldybot_cs_bringup//config
[0.262s] -- Up-to-date: /home/itti_jammy/Desktop/baldybot_cs/install/baldybot_cs_bringup/share/baldybot_cs_bringup//config/teleop_joystick.yaml
[0.262s] -- Up-to-date: /home/itti_jammy/Desktop/baldybot_cs/install/baldybot_cs_bringup/share/baldybot_cs_bringup//launch
[0.262s] -- Up-to-date: /home/itti_jammy/Desktop/baldybot_cs/install/baldybot_cs_bringup/share/baldybot_cs_bringup//launch/teleop_joystick_arm_gripper.py
[0.262s] -- Up-to-date: /home/itti_jammy/Desktop/baldybot_cs/install/baldybot_cs_bringup/share/baldybot_cs_bringup//launch/teleop_joystick.launch.py
[0.263s] -- Up-to-date: /home/itti_jammy/Desktop/baldybot_cs/install/baldybot_cs_bringup/share/ament_index/resource_index/package_run_dependencies/baldybot_cs_bringup
[0.263s] -- Up-to-date: /home/itti_jammy/Desktop/baldybot_cs/install/baldybot_cs_bringup/share/ament_index/resource_index/parent_prefix_path/baldybot_cs_bringup
[0.263s] -- Up-to-date: /home/itti_jammy/Desktop/baldybot_cs/install/baldybot_cs_bringup/share/baldybot_cs_bringup/environment/ament_prefix_path.sh
[0.263s] -- Up-to-date: /home/itti_jammy/Desktop/baldybot_cs/install/baldybot_cs_bringup/share/baldybot_cs_bringup/environment/ament_prefix_path.dsv
[0.263s] -- Up-to-date: /home/itti_jammy/Desktop/baldybot_cs/install/baldybot_cs_bringup/share/baldybot_cs_bringup/environment/path.sh
[0.263s] -- Up-to-date: /home/itti_jammy/Desktop/baldybot_cs/install/baldybot_cs_bringup/share/baldybot_cs_bringup/environment/path.dsv
[0.263s] -- Up-to-date: /home/itti_jammy/Desktop/baldybot_cs/install/baldybot_cs_bringup/share/baldybot_cs_bringup/local_setup.bash
[0.264s] -- Up-to-date: /home/itti_jammy/Desktop/baldybot_cs/install/baldybot_cs_bringup/share/baldybot_cs_bringup/local_setup.sh
[0.264s] -- Up-to-date: /home/itti_jammy/Desktop/baldybot_cs/install/baldybot_cs_bringup/share/baldybot_cs_bringup/local_setup.zsh
[0.264s] -- Up-to-date: /home/itti_jammy/Desktop/baldybot_cs/install/baldybot_cs_bringup/share/baldybot_cs_bringup/local_setup.dsv
[0.264s] -- Installing: /home/itti_jammy/Desktop/baldybot_cs/install/baldybot_cs_bringup/share/baldybot_cs_bringup/package.dsv
[0.264s] -- Up-to-date: /home/itti_jammy/Desktop/baldybot_cs/install/baldybot_cs_bringup/share/ament_index/resource_index/packages/baldybot_cs_bringup
[0.264s] -- Up-to-date: /home/itti_jammy/Desktop/baldybot_cs/install/baldybot_cs_bringup/share/baldybot_cs_bringup/cmake/baldybot_cs_bringupConfig.cmake
[0.264s] -- Up-to-date: /home/itti_jammy/Desktop/baldybot_cs/install/baldybot_cs_bringup/share/baldybot_cs_bringup/cmake/baldybot_cs_bringupConfig-version.cmake
[0.264s] -- Up-to-date: /home/itti_jammy/Desktop/baldybot_cs/install/baldybot_cs_bringup/share/baldybot_cs_bringup/package.xml
[0.266s] Invoked command in '/home/itti_jammy/Desktop/baldybot_cs/build/baldybot_cs_bringup' returned '0': CMAKE_PREFIX_PATH=${CMAKE_PREFIX_PATH}:/home/itti_jammy/ros2_ws_jammy/install/my_py_pkg:/home/itti_jammy/RoverBaldies_ws/install/baldybot_CS:/opt/ros/humble /usr/bin/cmake --install /home/itti_jammy/Desktop/baldybot_cs/build/baldybot_cs_bringup
