[0.516s] Invoking command in '/home/itti_jammy/Desktop/baldybot_cs/src/baldybot_cs_commands': PYTHONPATH=/home/itti_jammy/Desktop/baldybot_cs/build/baldybot_cs_commands/prefix_override:/usr/lib/python3/dist-packages/colcon_core/task/python/colcon_distutils_commands:/home/itti_jammy/Desktop/baldybot_cs/install/baldybot_cs_commands/lib/python3.10/site-packages:${PYTHONPATH} /usr/bin/python3 -W ignore:setup.py install is deprecated -W ignore:easy_install command is deprecated setup.py egg_info --egg-base ../../build/baldybot_cs_commands build --build-base /home/itti_jammy/Desktop/baldybot_cs/build/baldybot_cs_commands/build install --record /home/itti_jammy/Desktop/baldybot_cs/build/baldybot_cs_commands/install.log --single-version-externally-managed install_data
[0.706s] running egg_info
[0.706s] writing ../../build/baldybot_cs_commands/baldybot_cs_commands.egg-info/PKG-INFO
[0.707s] writing dependency_links to ../../build/baldybot_cs_commands/baldybot_cs_commands.egg-info/dependency_links.txt
[0.707s] writing entry points to ../../build/baldybot_cs_commands/baldybot_cs_commands.egg-info/entry_points.txt
[0.707s] writing requirements to ../../build/baldybot_cs_commands/baldybot_cs_commands.egg-info/requires.txt
[0.707s] writing top-level names to ../../build/baldybot_cs_commands/baldybot_cs_commands.egg-info/top_level.txt
[0.708s] reading manifest file '../../build/baldybot_cs_commands/baldybot_cs_commands.egg-info/SOURCES.txt'
[0.709s] writing manifest file '../../build/baldybot_cs_commands/baldybot_cs_commands.egg-info/SOURCES.txt'
[0.709s] running build
[0.709s] running build_py
[0.709s] running install
[0.710s] running install_lib
[0.710s] running install_data
[0.711s] running install_egg_info
[0.712s] removing '/home/itti_jammy/Desktop/baldybot_cs/install/baldybot_cs_commands/lib/python3.10/site-packages/baldybot_cs_commands-0.0.0-py3.10.egg-info' (and everything under it)
[0.712s] Copying ../../build/baldybot_cs_commands/baldybot_cs_commands.egg-info to /home/itti_jammy/Desktop/baldybot_cs/install/baldybot_cs_commands/lib/python3.10/site-packages/baldybot_cs_commands-0.0.0-py3.10.egg-info
[0.713s] running install_scripts
[0.730s] Installing arm_gripper_commands script to /home/itti_jammy/Desktop/baldybot_cs/install/baldybot_cs_commands/lib/baldybot_cs_commands
[0.730s] writing list of installed files to '/home/itti_jammy/Desktop/baldybot_cs/build/baldybot_cs_commands/install.log'
[0.756s] Invoked command in '/home/itti_jammy/Desktop/baldybot_cs/src/baldybot_cs_commands' returned '0': PYTHONPATH=/home/itti_jammy/Desktop/baldybot_cs/build/baldybot_cs_commands/prefix_override:/usr/lib/python3/dist-packages/colcon_core/task/python/colcon_distutils_commands:/home/itti_jammy/Desktop/baldybot_cs/install/baldybot_cs_commands/lib/python3.10/site-packages:${PYTHONPATH} /usr/bin/python3 -W ignore:setup.py install is deprecated -W ignore:easy_install command is deprecated setup.py egg_info --egg-base ../../build/baldybot_cs_commands build --build-base /home/itti_jammy/Desktop/baldybot_cs/build/baldybot_cs_commands/build install --record /home/itti_jammy/Desktop/baldybot_cs/build/baldybot_cs_commands/install.log --single-version-externally-managed install_data
