[0.084s] DEBUG:colcon:Command line arguments: ['/usr/bin/colcon', 'build']
[0.085s] DEBUG:colcon:Parsed command line arguments: Namespace(log_base=None, log_level=None, verb_name='build', build_base='build', install_base='install', merge_install=False, symlink_install=False, test_result_base=None, continue_on_error=False, executor='parallel', parallel_workers=16, event_handlers=None, ignore_user_meta=False, metas=['./colcon.meta'], base_paths=['.'], packages_ignore=None, packages_ignore_regex=None, paths=None, packages_up_to=None, packages_up_to_regex=None, packages_above=None, packages_above_and_dependencies=None, packages_above_depth=None, packages_select_by_dep=None, packages_skip_by_dep=None, packages_skip_up_to=None, packages_select_build_failed=False, packages_skip_build_finished=False, packages_select_test_failures=False, packages_skip_test_passed=False, packages_select=None, packages_skip=None, packages_select_regex=None, packages_skip_regex=None, packages_start=None, packages_end=None, allow_overriding=[], cmake_args=None, cmake_target=None, cmake_target_skip_unavailable=False, cmake_clean_cache=False, cmake_clean_first=False, cmake_force_configure=False, ament_cmake_args=None, catkin_cmake_args=None, catkin_skip_building_tests=False, verb_parser=<colcon_defaults.argument_parser.defaults.DefaultArgumentsDecorator object at 0x7f933b53d060>, verb_extension=<colcon_core.verb.build.BuildVerb object at 0x7f933b66a470>, main=<bound method BuildVerb.main of <colcon_core.verb.build.BuildVerb object at 0x7f933b66a470>>)
[0.226s] Level 1:colcon.colcon_core.package_discovery:discover_packages(colcon_meta) check parameters
[0.226s] Level 1:colcon.colcon_core.package_discovery:discover_packages(recursive) check parameters
[0.226s] Level 1:colcon.colcon_core.package_discovery:discover_packages(ignore) check parameters
[0.226s] Level 1:colcon.colcon_core.package_discovery:discover_packages(path) check parameters
[0.226s] Level 1:colcon.colcon_core.package_discovery:discover_packages(colcon_meta) discover
[0.226s] Level 1:colcon.colcon_core.package_discovery:discover_packages(recursive) discover
[0.226s] INFO:colcon.colcon_core.package_discovery:Crawling recursively for packages in '/home/itti_jammy/Desktop/baldybot_cs'
[0.227s] Level 1:colcon.colcon_core.package_identification:_identify(.) by extensions ['ignore', 'ignore_ament_install']
[0.227s] Level 1:colcon.colcon_core.package_identification:_identify(.) by extension 'ignore'
[0.227s] Level 1:colcon.colcon_core.package_identification:_identify(.) by extension 'ignore_ament_install'
[0.227s] Level 1:colcon.colcon_core.package_identification:_identify(.) by extensions ['colcon_pkg']
[0.227s] Level 1:colcon.colcon_core.package_identification:_identify(.) by extension 'colcon_pkg'
[0.227s] Level 1:colcon.colcon_core.package_identification:_identify(.) by extensions ['colcon_meta']
[0.227s] Level 1:colcon.colcon_core.package_identification:_identify(.) by extension 'colcon_meta'
[0.227s] Level 1:colcon.colcon_core.package_identification:_identify(.) by extensions ['ros']
[0.227s] Level 1:colcon.colcon_core.package_identification:_identify(.) by extension 'ros'
[0.235s] Level 1:colcon.colcon_core.package_identification:_identify(.) by extensions ['cmake', 'python']
[0.235s] Level 1:colcon.colcon_core.package_identification:_identify(.) by extension 'cmake'
[0.235s] Level 1:colcon.colcon_core.package_identification:_identify(.) by extension 'python'
[0.236s] Level 1:colcon.colcon_core.package_identification:_identify(.) by extensions ['python_setup_py']
[0.236s] Level 1:colcon.colcon_core.package_identification:_identify(.) by extension 'python_setup_py'
[0.236s] Level 1:colcon.colcon_core.package_identification:_identify(build) by extensions ['ignore', 'ignore_ament_install']
[0.236s] Level 1:colcon.colcon_core.package_identification:_identify(build) by extension 'ignore'
[0.236s] Level 1:colcon.colcon_core.package_identification:_identify(build) ignored
[0.236s] Level 1:colcon.colcon_core.package_identification:_identify(install) by extensions ['ignore', 'ignore_ament_install']
[0.236s] Level 1:colcon.colcon_core.package_identification:_identify(install) by extension 'ignore'
[0.236s] Level 1:colcon.colcon_core.package_identification:_identify(install) ignored
[0.236s] Level 1:colcon.colcon_core.package_identification:_identify(log) by extensions ['ignore', 'ignore_ament_install']
[0.236s] Level 1:colcon.colcon_core.package_identification:_identify(log) by extension 'ignore'
[0.236s] Level 1:colcon.colcon_core.package_identification:_identify(log) ignored
[0.236s] Level 1:colcon.colcon_core.package_identification:_identify(src) by extensions ['ignore', 'ignore_ament_install']
[0.236s] Level 1:colcon.colcon_core.package_identification:_identify(src) by extension 'ignore'
[0.236s] Level 1:colcon.colcon_core.package_identification:_identify(src) by extension 'ignore_ament_install'
[0.236s] Level 1:colcon.colcon_core.package_identification:_identify(src) by extensions ['colcon_pkg']
[0.236s] Level 1:colcon.colcon_core.package_identification:_identify(src) by extension 'colcon_pkg'
[0.236s] Level 1:colcon.colcon_core.package_identification:_identify(src) by extensions ['colcon_meta']
[0.236s] Level 1:colcon.colcon_core.package_identification:_identify(src) by extension 'colcon_meta'
[0.236s] Level 1:colcon.colcon_core.package_identification:_identify(src) by extensions ['ros']
[0.236s] Level 1:colcon.colcon_core.package_identification:_identify(src) by extension 'ros'
[0.237s] Level 1:colcon.colcon_core.package_identification:_identify(src) by extensions ['cmake', 'python']
[0.237s] Level 1:colcon.colcon_core.package_identification:_identify(src) by extension 'cmake'
[0.237s] Level 1:colcon.colcon_core.package_identification:_identify(src) by extension 'python'
[0.237s] Level 1:colcon.colcon_core.package_identification:_identify(src) by extensions ['python_setup_py']
[0.237s] Level 1:colcon.colcon_core.package_identification:_identify(src) by extension 'python_setup_py'
[0.237s] Level 1:colcon.colcon_core.package_identification:_identify(src/baldybot_cs_bringup) by extensions ['ignore', 'ignore_ament_install']
[0.237s] Level 1:colcon.colcon_core.package_identification:_identify(src/baldybot_cs_bringup) by extension 'ignore'
[0.237s] Level 1:colcon.colcon_core.package_identification:_identify(src/baldybot_cs_bringup) by extension 'ignore_ament_install'
[0.237s] Level 1:colcon.colcon_core.package_identification:_identify(src/baldybot_cs_bringup) by extensions ['colcon_pkg']
[0.237s] Level 1:colcon.colcon_core.package_identification:_identify(src/baldybot_cs_bringup) by extension 'colcon_pkg'
[0.237s] Level 1:colcon.colcon_core.package_identification:_identify(src/baldybot_cs_bringup) by extensions ['colcon_meta']
[0.237s] Level 1:colcon.colcon_core.package_identification:_identify(src/baldybot_cs_bringup) by extension 'colcon_meta'
[0.237s] Level 1:colcon.colcon_core.package_identification:_identify(src/baldybot_cs_bringup) by extensions ['ros']
[0.237s] Level 1:colcon.colcon_core.package_identification:_identify(src/baldybot_cs_bringup) by extension 'ros'
[0.239s] DEBUG:colcon.colcon_core.package_identification:Package 'src/baldybot_cs_bringup' with type 'ros.ament_cmake' and name 'baldybot_cs_bringup'
[0.239s] Level 1:colcon.colcon_core.package_discovery:discover_packages(recursive) using defaults
[0.239s] Level 1:colcon.colcon_core.package_discovery:discover_packages(ignore) discover
[0.239s] Level 1:colcon.colcon_core.package_discovery:discover_packages(ignore) using defaults
[0.239s] Level 1:colcon.colcon_core.package_discovery:discover_packages(path) discover
[0.239s] Level 1:colcon.colcon_core.package_discovery:discover_packages(path) using defaults
[0.265s] Level 1:colcon.colcon_core.package_discovery:discover_packages(prefix_path) check parameters
[0.266s] Level 1:colcon.colcon_core.package_discovery:discover_packages(prefix_path) discover
[0.267s] DEBUG:colcon.colcon_installed_package_information.package_discovery:Found 5 installed packages in /home/itti_jammy/Desktop/RoverBaldies_CS/install
[0.268s] DEBUG:colcon.colcon_installed_package_information.package_discovery:Found 3 installed packages in /home/itti_jammy/RoverBaldies_ws/install
[0.268s] DEBUG:colcon.colcon_installed_package_information.package_discovery:Found 4 installed packages in /home/itti_jammy/ros2_ws_jammy/install
[0.268s] DEBUG:colcon.colcon_installed_package_information.package_discovery:Found 1 installed packages in /home/itti_jammy/Desktop/articubot_one/install
[0.270s] DEBUG:colcon.colcon_installed_package_information.package_discovery:Found 402 installed packages in /opt/ros/humble
[0.271s] Level 1:colcon.colcon_core.package_discovery:discover_packages(prefix_path) using defaults
[0.311s] Level 5:colcon.colcon_core.verb:set package 'baldybot_cs_bringup' build argument 'cmake_args' from command line to 'None'
[0.311s] Level 5:colcon.colcon_core.verb:set package 'baldybot_cs_bringup' build argument 'cmake_target' from command line to 'None'
[0.311s] Level 5:colcon.colcon_core.verb:set package 'baldybot_cs_bringup' build argument 'cmake_target_skip_unavailable' from command line to 'False'
[0.311s] Level 5:colcon.colcon_core.verb:set package 'baldybot_cs_bringup' build argument 'cmake_clean_cache' from command line to 'False'
[0.311s] Level 5:colcon.colcon_core.verb:set package 'baldybot_cs_bringup' build argument 'cmake_clean_first' from command line to 'False'
[0.311s] Level 5:colcon.colcon_core.verb:set package 'baldybot_cs_bringup' build argument 'cmake_force_configure' from command line to 'False'
[0.311s] Level 5:colcon.colcon_core.verb:set package 'baldybot_cs_bringup' build argument 'ament_cmake_args' from command line to 'None'
[0.311s] Level 5:colcon.colcon_core.verb:set package 'baldybot_cs_bringup' build argument 'catkin_cmake_args' from command line to 'None'
[0.311s] Level 5:colcon.colcon_core.verb:set package 'baldybot_cs_bringup' build argument 'catkin_skip_building_tests' from command line to 'False'
[0.311s] DEBUG:colcon.colcon_core.verb:Building package 'baldybot_cs_bringup' with the following arguments: {'ament_cmake_args': None, 'build_base': '/home/itti_jammy/Desktop/baldybot_cs/build/baldybot_cs_bringup', 'catkin_cmake_args': None, 'catkin_skip_building_tests': False, 'cmake_args': None, 'cmake_clean_cache': False, 'cmake_clean_first': False, 'cmake_force_configure': False, 'cmake_target': None, 'cmake_target_skip_unavailable': False, 'install_base': '/home/itti_jammy/Desktop/baldybot_cs/install/baldybot_cs_bringup', 'merge_install': False, 'path': '/home/itti_jammy/Desktop/baldybot_cs/src/baldybot_cs_bringup', 'symlink_install': False, 'test_result_base': None}
[0.311s] INFO:colcon.colcon_core.executor:Executing jobs using 'parallel' executor
[0.312s] DEBUG:colcon.colcon_parallel_executor.executor.parallel:run_until_complete
[0.312s] INFO:colcon.colcon_ros.task.ament_cmake.build:Building ROS package in '/home/itti_jammy/Desktop/baldybot_cs/src/baldybot_cs_bringup' with build type 'ament_cmake'
[0.312s] INFO:colcon.colcon_cmake.task.cmake.build:Building CMake package in '/home/itti_jammy/Desktop/baldybot_cs/src/baldybot_cs_bringup'
[0.314s] INFO:colcon.colcon_core.plugin_system:Skipping extension 'colcon_core.shell.bat': Not used on non-Windows systems
[0.314s] INFO:colcon.colcon_core.shell:Skip shell extension 'powershell' for command environment: Not usable outside of PowerShell
[0.314s] DEBUG:colcon.colcon_core.shell:Skip shell extension 'dsv' for command environment
[0.327s] DEBUG:colcon.colcon_core.event_handler.log_command:Invoking command in '/home/itti_jammy/Desktop/baldybot_cs/build/baldybot_cs_bringup': CMAKE_PREFIX_PATH=${CMAKE_PREFIX_PATH}:/home/itti_jammy/Desktop/RoverBaldies_CS/install/rover_commands:/home/itti_jammy/ros2_ws_jammy/install/my_py_pkg:/home/itti_jammy/RoverBaldies_ws/install/baldybot_CS:/opt/ros/humble /usr/bin/cmake /home/itti_jammy/Desktop/baldybot_cs/src/baldybot_cs_bringup -DCMAKE_INSTALL_PREFIX=/home/itti_jammy/Desktop/baldybot_cs/install/baldybot_cs_bringup
[2.091s] DEBUG:colcon.colcon_core.event_handler.log_command:Invoked command in '/home/itti_jammy/Desktop/baldybot_cs/build/baldybot_cs_bringup' returned '0': CMAKE_PREFIX_PATH=${CMAKE_PREFIX_PATH}:/home/itti_jammy/Desktop/RoverBaldies_CS/install/rover_commands:/home/itti_jammy/ros2_ws_jammy/install/my_py_pkg:/home/itti_jammy/RoverBaldies_ws/install/baldybot_CS:/opt/ros/humble /usr/bin/cmake /home/itti_jammy/Desktop/baldybot_cs/src/baldybot_cs_bringup -DCMAKE_INSTALL_PREFIX=/home/itti_jammy/Desktop/baldybot_cs/install/baldybot_cs_bringup
[2.093s] DEBUG:colcon.colcon_core.event_handler.log_command:Invoking command in '/home/itti_jammy/Desktop/baldybot_cs/build/baldybot_cs_bringup': CMAKE_PREFIX_PATH=${CMAKE_PREFIX_PATH}:/home/itti_jammy/Desktop/RoverBaldies_CS/install/rover_commands:/home/itti_jammy/ros2_ws_jammy/install/my_py_pkg:/home/itti_jammy/RoverBaldies_ws/install/baldybot_CS:/opt/ros/humble /usr/bin/cmake --build /home/itti_jammy/Desktop/baldybot_cs/build/baldybot_cs_bringup -- -j16 -l16
[2.164s] DEBUG:colcon.colcon_core.event_handler.log_command:Invoked command in '/home/itti_jammy/Desktop/baldybot_cs/build/baldybot_cs_bringup' returned '0': CMAKE_PREFIX_PATH=${CMAKE_PREFIX_PATH}:/home/itti_jammy/Desktop/RoverBaldies_CS/install/rover_commands:/home/itti_jammy/ros2_ws_jammy/install/my_py_pkg:/home/itti_jammy/RoverBaldies_ws/install/baldybot_CS:/opt/ros/humble /usr/bin/cmake --build /home/itti_jammy/Desktop/baldybot_cs/build/baldybot_cs_bringup -- -j16 -l16
[2.187s] DEBUG:colcon.colcon_core.event_handler.log_command:Invoking command in '/home/itti_jammy/Desktop/baldybot_cs/build/baldybot_cs_bringup': CMAKE_PREFIX_PATH=${CMAKE_PREFIX_PATH}:/home/itti_jammy/Desktop/RoverBaldies_CS/install/rover_commands:/home/itti_jammy/ros2_ws_jammy/install/my_py_pkg:/home/itti_jammy/RoverBaldies_ws/install/baldybot_CS:/opt/ros/humble /usr/bin/cmake --install /home/itti_jammy/Desktop/baldybot_cs/build/baldybot_cs_bringup
[2.208s] Level 1:colcon.colcon_core.environment:create_environment_scripts_only(baldybot_cs_bringup)
[2.209s] DEBUG:colcon.colcon_core.event_handler.log_command:Invoked command in '/home/itti_jammy/Desktop/baldybot_cs/build/baldybot_cs_bringup' returned '0': CMAKE_PREFIX_PATH=${CMAKE_PREFIX_PATH}:/home/itti_jammy/Desktop/RoverBaldies_CS/install/rover_commands:/home/itti_jammy/ros2_ws_jammy/install/my_py_pkg:/home/itti_jammy/RoverBaldies_ws/install/baldybot_CS:/opt/ros/humble /usr/bin/cmake --install /home/itti_jammy/Desktop/baldybot_cs/build/baldybot_cs_bringup
[2.212s] Level 1:colcon.colcon_core.environment:checking '/home/itti_jammy/Desktop/baldybot_cs/install/baldybot_cs_bringup' for CMake module files
[2.213s] Level 1:colcon.colcon_core.environment:checking '/home/itti_jammy/Desktop/baldybot_cs/install/baldybot_cs_bringup' for CMake config files
[2.213s] Level 1:colcon.colcon_core.shell:create_environment_hook('baldybot_cs_bringup', 'cmake_prefix_path')
[2.214s] INFO:colcon.colcon_core.shell:Creating environment hook '/home/itti_jammy/Desktop/baldybot_cs/install/baldybot_cs_bringup/share/baldybot_cs_bringup/hook/cmake_prefix_path.ps1'
[2.215s] INFO:colcon.colcon_core.shell:Creating environment descriptor '/home/itti_jammy/Desktop/baldybot_cs/install/baldybot_cs_bringup/share/baldybot_cs_bringup/hook/cmake_prefix_path.dsv'
[2.215s] INFO:colcon.colcon_core.shell:Creating environment hook '/home/itti_jammy/Desktop/baldybot_cs/install/baldybot_cs_bringup/share/baldybot_cs_bringup/hook/cmake_prefix_path.sh'
[2.216s] Level 1:colcon.colcon_core.environment:checking '/home/itti_jammy/Desktop/baldybot_cs/install/baldybot_cs_bringup/bin'
[2.217s] Level 1:colcon.colcon_core.environment:checking '/home/itti_jammy/Desktop/baldybot_cs/install/baldybot_cs_bringup/lib/pkgconfig/baldybot_cs_bringup.pc'
[2.217s] Level 1:colcon.colcon_core.environment:checking '/home/itti_jammy/Desktop/baldybot_cs/install/baldybot_cs_bringup/lib/python3.10/site-packages'
[2.217s] Level 1:colcon.colcon_core.environment:checking '/home/itti_jammy/Desktop/baldybot_cs/install/baldybot_cs_bringup/bin'
[2.218s] INFO:colcon.colcon_core.shell:Creating package script '/home/itti_jammy/Desktop/baldybot_cs/install/baldybot_cs_bringup/share/baldybot_cs_bringup/package.ps1'
[2.219s] INFO:colcon.colcon_core.shell:Creating package descriptor '/home/itti_jammy/Desktop/baldybot_cs/install/baldybot_cs_bringup/share/baldybot_cs_bringup/package.dsv'
[2.219s] INFO:colcon.colcon_core.shell:Creating package script '/home/itti_jammy/Desktop/baldybot_cs/install/baldybot_cs_bringup/share/baldybot_cs_bringup/package.sh'
[2.220s] INFO:colcon.colcon_core.shell:Creating package script '/home/itti_jammy/Desktop/baldybot_cs/install/baldybot_cs_bringup/share/baldybot_cs_bringup/package.bash'
[2.220s] INFO:colcon.colcon_core.shell:Creating package script '/home/itti_jammy/Desktop/baldybot_cs/install/baldybot_cs_bringup/share/baldybot_cs_bringup/package.zsh'
[2.221s] Level 1:colcon.colcon_core.environment:create_file_with_runtime_dependencies(/home/itti_jammy/Desktop/baldybot_cs/install/baldybot_cs_bringup/share/colcon-core/packages/baldybot_cs_bringup)
[2.221s] Level 1:colcon.colcon_core.environment:create_environment_scripts_only(baldybot_cs_bringup)
[2.221s] Level 1:colcon.colcon_core.environment:checking '/home/itti_jammy/Desktop/baldybot_cs/install/baldybot_cs_bringup' for CMake module files
[2.222s] Level 1:colcon.colcon_core.environment:checking '/home/itti_jammy/Desktop/baldybot_cs/install/baldybot_cs_bringup' for CMake config files
[2.222s] Level 1:colcon.colcon_core.shell:create_environment_hook('baldybot_cs_bringup', 'cmake_prefix_path')
[2.222s] INFO:colcon.colcon_core.shell:Creating environment hook '/home/itti_jammy/Desktop/baldybot_cs/install/baldybot_cs_bringup/share/baldybot_cs_bringup/hook/cmake_prefix_path.ps1'
[2.223s] INFO:colcon.colcon_core.shell:Creating environment descriptor '/home/itti_jammy/Desktop/baldybot_cs/install/baldybot_cs_bringup/share/baldybot_cs_bringup/hook/cmake_prefix_path.dsv'
[2.223s] INFO:colcon.colcon_core.shell:Creating environment hook '/home/itti_jammy/Desktop/baldybot_cs/install/baldybot_cs_bringup/share/baldybot_cs_bringup/hook/cmake_prefix_path.sh'
[2.224s] Level 1:colcon.colcon_core.environment:checking '/home/itti_jammy/Desktop/baldybot_cs/install/baldybot_cs_bringup/bin'
[2.224s] Level 1:colcon.colcon_core.environment:checking '/home/itti_jammy/Desktop/baldybot_cs/install/baldybot_cs_bringup/lib/pkgconfig/baldybot_cs_bringup.pc'
[2.224s] Level 1:colcon.colcon_core.environment:checking '/home/itti_jammy/Desktop/baldybot_cs/install/baldybot_cs_bringup/lib/python3.10/site-packages'
[2.224s] Level 1:colcon.colcon_core.environment:checking '/home/itti_jammy/Desktop/baldybot_cs/install/baldybot_cs_bringup/bin'
[2.225s] INFO:colcon.colcon_core.shell:Creating package script '/home/itti_jammy/Desktop/baldybot_cs/install/baldybot_cs_bringup/share/baldybot_cs_bringup/package.ps1'
[2.226s] INFO:colcon.colcon_core.shell:Creating package descriptor '/home/itti_jammy/Desktop/baldybot_cs/install/baldybot_cs_bringup/share/baldybot_cs_bringup/package.dsv'
[2.227s] INFO:colcon.colcon_core.shell:Creating package script '/home/itti_jammy/Desktop/baldybot_cs/install/baldybot_cs_bringup/share/baldybot_cs_bringup/package.sh'
[2.228s] INFO:colcon.colcon_core.shell:Creating package script '/home/itti_jammy/Desktop/baldybot_cs/install/baldybot_cs_bringup/share/baldybot_cs_bringup/package.bash'
[2.229s] INFO:colcon.colcon_core.shell:Creating package script '/home/itti_jammy/Desktop/baldybot_cs/install/baldybot_cs_bringup/share/baldybot_cs_bringup/package.zsh'
[2.230s] Level 1:colcon.colcon_core.environment:create_file_with_runtime_dependencies(/home/itti_jammy/Desktop/baldybot_cs/install/baldybot_cs_bringup/share/colcon-core/packages/baldybot_cs_bringup)
[2.230s] DEBUG:colcon.colcon_parallel_executor.executor.parallel:closing loop
[2.231s] DEBUG:colcon.colcon_parallel_executor.executor.parallel:loop closed
[2.231s] DEBUG:colcon.colcon_parallel_executor.executor.parallel:run_until_complete finished with '0'
[2.231s] DEBUG:colcon.colcon_core.event_reactor:joining thread
[2.243s] INFO:colcon.colcon_core.plugin_system:Skipping extension 'colcon_notification.desktop_notification.terminal_notifier': Not used on non-Darwin systems
[2.243s] INFO:colcon.colcon_core.plugin_system:Skipping extension 'colcon_notification.desktop_notification.win32': Not used on non-Windows systems
[2.243s] INFO:colcon.colcon_notification.desktop_notification:Sending desktop notification using 'notify2'
[2.272s] DEBUG:colcon.colcon_core.event_reactor:joined thread
[2.273s] INFO:colcon.colcon_core.shell:Creating prefix script '/home/itti_jammy/Desktop/baldybot_cs/install/local_setup.ps1'
[2.275s] INFO:colcon.colcon_core.shell:Creating prefix util module '/home/itti_jammy/Desktop/baldybot_cs/install/_local_setup_util_ps1.py'
[2.278s] INFO:colcon.colcon_core.shell:Creating prefix chain script '/home/itti_jammy/Desktop/baldybot_cs/install/setup.ps1'
[2.283s] INFO:colcon.colcon_core.shell:Creating prefix script '/home/itti_jammy/Desktop/baldybot_cs/install/local_setup.sh'
[2.284s] INFO:colcon.colcon_core.shell:Creating prefix util module '/home/itti_jammy/Desktop/baldybot_cs/install/_local_setup_util_sh.py'
[2.285s] INFO:colcon.colcon_core.shell:Creating prefix chain script '/home/itti_jammy/Desktop/baldybot_cs/install/setup.sh'
[2.288s] INFO:colcon.colcon_core.shell:Creating prefix script '/home/itti_jammy/Desktop/baldybot_cs/install/local_setup.bash'
[2.289s] INFO:colcon.colcon_core.shell:Creating prefix chain script '/home/itti_jammy/Desktop/baldybot_cs/install/setup.bash'
[2.293s] INFO:colcon.colcon_core.shell:Creating prefix script '/home/itti_jammy/Desktop/baldybot_cs/install/local_setup.zsh'
[2.294s] INFO:colcon.colcon_core.shell:Creating prefix chain script '/home/itti_jammy/Desktop/baldybot_cs/install/setup.zsh'
