[0.988s] Invoking command in '/home/itti_jammy/Desktop/baldybot_cs/src/baldybot_cs_commands': PYTHONPATH=/home/itti_jammy/Desktop/baldybot_cs/build/baldybot_cs_commands/prefix_override:/usr/lib/python3/dist-packages/colcon_core/task/python/colcon_distutils_commands:/home/itti_jammy/Desktop/baldybot_cs/install/baldybot_cs_commands/lib/python3.10/site-packages:${PYTHONPATH} /usr/bin/python3 -W ignore:setup.py install is deprecated -W ignore:easy_install command is deprecated setup.py egg_info --egg-base ../../build/baldybot_cs_commands build --build-base /home/itti_jammy/Desktop/baldybot_cs/build/baldybot_cs_commands/build install --record /home/itti_jammy/Desktop/baldybot_cs/build/baldybot_cs_commands/install.log --single-version-externally-managed install_data
[1.325s] running egg_info
[1.325s] creating ../../build/baldybot_cs_commands/baldybot_cs_commands.egg-info
[1.325s] writing ../../build/baldybot_cs_commands/baldybot_cs_commands.egg-info/PKG-INFO
[1.326s] writing dependency_links to ../../build/baldybot_cs_commands/baldybot_cs_commands.egg-info/dependency_links.txt
[1.326s] writing entry points to ../../build/baldybot_cs_commands/baldybot_cs_commands.egg-info/entry_points.txt
[1.326s] writing requirements to ../../build/baldybot_cs_commands/baldybot_cs_commands.egg-info/requires.txt
[1.326s] writing top-level names to ../../build/baldybot_cs_commands/baldybot_cs_commands.egg-info/top_level.txt
[1.327s] writing manifest file '../../build/baldybot_cs_commands/baldybot_cs_commands.egg-info/SOURCES.txt'
[1.329s] reading manifest file '../../build/baldybot_cs_commands/baldybot_cs_commands.egg-info/SOURCES.txt'
[1.330s] writing manifest file '../../build/baldybot_cs_commands/baldybot_cs_commands.egg-info/SOURCES.txt'
[1.330s] running build
[1.331s] running build_py
[1.331s] creating /home/itti_jammy/Desktop/baldybot_cs/build/baldybot_cs_commands/build
[1.331s] creating /home/itti_jammy/Desktop/baldybot_cs/build/baldybot_cs_commands/build/lib
[1.331s] creating /home/itti_jammy/Desktop/baldybot_cs/build/baldybot_cs_commands/build/lib/baldybot_cs_commands
[1.331s] copying baldybot_cs_commands/__init__.py -> /home/itti_jammy/Desktop/baldybot_cs/build/baldybot_cs_commands/build/lib/baldybot_cs_commands
[1.332s] running install
[1.332s] running install_lib
[1.332s] creating /home/itti_jammy/Desktop/baldybot_cs/install/baldybot_cs_commands/lib/python3.10/site-packages/baldybot_cs_commands
[1.332s] copying /home/itti_jammy/Desktop/baldybot_cs/build/baldybot_cs_commands/build/lib/baldybot_cs_commands/__init__.py -> /home/itti_jammy/Desktop/baldybot_cs/install/baldybot_cs_commands/lib/python3.10/site-packages/baldybot_cs_commands
[1.333s] byte-compiling /home/itti_jammy/Desktop/baldybot_cs/install/baldybot_cs_commands/lib/python3.10/site-packages/baldybot_cs_commands/__init__.py to __init__.cpython-310.pyc
[1.333s] running install_data
[1.334s] creating /home/itti_jammy/Desktop/baldybot_cs/install/baldybot_cs_commands/share/ament_index
[1.334s] creating /home/itti_jammy/Desktop/baldybot_cs/install/baldybot_cs_commands/share/ament_index/resource_index
[1.334s] creating /home/itti_jammy/Desktop/baldybot_cs/install/baldybot_cs_commands/share/ament_index/resource_index/packages
[1.334s] copying resource/baldybot_cs_commands -> /home/itti_jammy/Desktop/baldybot_cs/install/baldybot_cs_commands/share/ament_index/resource_index/packages
[1.334s] copying package.xml -> /home/itti_jammy/Desktop/baldybot_cs/install/baldybot_cs_commands/share/baldybot_cs_commands
[1.335s] running install_egg_info
[1.337s] Copying ../../build/baldybot_cs_commands/baldybot_cs_commands.egg-info to /home/itti_jammy/Desktop/baldybot_cs/install/baldybot_cs_commands/lib/python3.10/site-packages/baldybot_cs_commands-0.0.0-py3.10.egg-info
[1.338s] running install_scripts
[1.365s] Installing arm_gripper_commands script to /home/itti_jammy/Desktop/baldybot_cs/install/baldybot_cs_commands/lib/baldybot_cs_commands
[1.365s] writing list of installed files to '/home/itti_jammy/Desktop/baldybot_cs/build/baldybot_cs_commands/install.log'
[1.400s] Invoked command in '/home/itti_jammy/Desktop/baldybot_cs/src/baldybot_cs_commands' returned '0': PYTHONPATH=/home/itti_jammy/Desktop/baldybot_cs/build/baldybot_cs_commands/prefix_override:/usr/lib/python3/dist-packages/colcon_core/task/python/colcon_distutils_commands:/home/itti_jammy/Desktop/baldybot_cs/install/baldybot_cs_commands/lib/python3.10/site-packages:${PYTHONPATH} /usr/bin/python3 -W ignore:setup.py install is deprecated -W ignore:easy_install command is deprecated setup.py egg_info --egg-base ../../build/baldybot_cs_commands build --build-base /home/itti_jammy/Desktop/baldybot_cs/build/baldybot_cs_commands/build install --record /home/itti_jammy/Desktop/baldybot_cs/build/baldybot_cs_commands/install.log --single-version-externally-managed install_data
