[1.038s] Invoking command in '/home/itti_jammy/Desktop/baldybot_cs/src/baldybot_cs_commands': PYTHONPATH=/home/itti_jammy/Desktop/baldybot_cs/src/build/baldybot_cs_commands/prefix_override:/usr/lib/python3/dist-packages/colcon_core/task/python/colcon_distutils_commands:/home/itti_jammy/Desktop/baldybot_cs/src/install/baldybot_cs_commands/lib/python3.10/site-packages:${PYTHONPATH} /usr/bin/python3 -W ignore:setup.py install is deprecated -W ignore:easy_install command is deprecated setup.py egg_info --egg-base ../build/baldybot_cs_commands build --build-base /home/itti_jammy/Desktop/baldybot_cs/src/build/baldybot_cs_commands/build install --record /home/itti_jammy/Desktop/baldybot_cs/src/build/baldybot_cs_commands/install.log --single-version-externally-managed install_data
[1.382s] running egg_info
[1.382s] writing ../build/baldybot_cs_commands/baldybot_cs_commands.egg-info/PKG-INFO
[1.383s] writing dependency_links to ../build/baldybot_cs_commands/baldybot_cs_commands.egg-info/dependency_links.txt
[1.383s] writing entry points to ../build/baldybot_cs_commands/baldybot_cs_commands.egg-info/entry_points.txt
[1.383s] writing requirements to ../build/baldybot_cs_commands/baldybot_cs_commands.egg-info/requires.txt
[1.383s] writing top-level names to ../build/baldybot_cs_commands/baldybot_cs_commands.egg-info/top_level.txt
[1.386s] reading manifest file '../build/baldybot_cs_commands/baldybot_cs_commands.egg-info/SOURCES.txt'
[1.387s] writing manifest file '../build/baldybot_cs_commands/baldybot_cs_commands.egg-info/SOURCES.txt'
[1.388s] running build
[1.388s] running build_py
[1.389s] copying baldybot_cs_commands/arm_gripper_commands.py -> /home/itti_jammy/Desktop/baldybot_cs/src/build/baldybot_cs_commands/build/lib/baldybot_cs_commands
[1.389s] running install
[1.390s] running install_lib
[1.391s] copying /home/itti_jammy/Desktop/baldybot_cs/src/build/baldybot_cs_commands/build/lib/baldybot_cs_commands/arm_gripper_commands.py -> /home/itti_jammy/Desktop/baldybot_cs/src/install/baldybot_cs_commands/lib/python3.10/site-packages/baldybot_cs_commands
[1.392s] byte-compiling /home/itti_jammy/Desktop/baldybot_cs/src/install/baldybot_cs_commands/lib/python3.10/site-packages/baldybot_cs_commands/arm_gripper_commands.py to arm_gripper_commands.cpython-310.pyc
[1.394s] running install_data
[1.394s] running install_egg_info
[1.397s] removing '/home/itti_jammy/Desktop/baldybot_cs/src/install/baldybot_cs_commands/lib/python3.10/site-packages/baldybot_cs_commands-0.0.0-py3.10.egg-info' (and everything under it)
[1.397s] Copying ../build/baldybot_cs_commands/baldybot_cs_commands.egg-info to /home/itti_jammy/Desktop/baldybot_cs/src/install/baldybot_cs_commands/lib/python3.10/site-packages/baldybot_cs_commands-0.0.0-py3.10.egg-info
[1.399s] running install_scripts
[1.429s] Installing arm_gripper_commands script to /home/itti_jammy/Desktop/baldybot_cs/src/install/baldybot_cs_commands/lib/baldybot_cs_commands
[1.429s] writing list of installed files to '/home/itti_jammy/Desktop/baldybot_cs/src/build/baldybot_cs_commands/install.log'
[1.489s] Invoked command in '/home/itti_jammy/Desktop/baldybot_cs/src/baldybot_cs_commands' returned '0': PYTHONPATH=/home/itti_jammy/Desktop/baldybot_cs/src/build/baldybot_cs_commands/prefix_override:/usr/lib/python3/dist-packages/colcon_core/task/python/colcon_distutils_commands:/home/itti_jammy/Desktop/baldybot_cs/src/install/baldybot_cs_commands/lib/python3.10/site-packages:${PYTHONPATH} /usr/bin/python3 -W ignore:setup.py install is deprecated -W ignore:easy_install command is deprecated setup.py egg_info --egg-base ../build/baldybot_cs_commands build --build-base /home/itti_jammy/Desktop/baldybot_cs/src/build/baldybot_cs_commands/build install --record /home/itti_jammy/Desktop/baldybot_cs/src/build/baldybot_cs_commands/install.log --single-version-externally-managed install_data
