[0.577s] Invoking command in '/home/itti_jammy/Desktop/baldybot_cs/src/baldybot_cs_commands': PYTHONPATH=/home/itti_jammy/Desktop/baldybot_cs/build/baldybot_cs_commands/prefix_override:/usr/lib/python3/dist-packages/colcon_core/task/python/colcon_distutils_commands:/home/itti_jammy/Desktop/baldybot_cs/install/baldybot_cs_commands/lib/python3.10/site-packages:${PYTHONPATH} /usr/bin/python3 -W ignore:setup.py install is deprecated -W ignore:easy_install command is deprecated setup.py egg_info --egg-base ../../build/baldybot_cs_commands build --build-base /home/itti_jammy/Desktop/baldybot_cs/build/baldybot_cs_commands/build install --record /home/itti_jammy/Desktop/baldybot_cs/build/baldybot_cs_commands/install.log --single-version-externally-managed install_data
[0.757s] running egg_info
[0.757s] writing ../../build/baldybot_cs_commands/baldybot_cs_commands.egg-info/PKG-INFO
[0.758s] writing dependency_links to ../../build/baldybot_cs_commands/baldybot_cs_commands.egg-info/dependency_links.txt
[0.758s] writing entry points to ../../build/baldybot_cs_commands/baldybot_cs_commands.egg-info/entry_points.txt
[0.758s] writing requirements to ../../build/baldybot_cs_commands/baldybot_cs_commands.egg-info/requires.txt
[0.758s] writing top-level names to ../../build/baldybot_cs_commands/baldybot_cs_commands.egg-info/top_level.txt
[0.760s] reading manifest file '../../build/baldybot_cs_commands/baldybot_cs_commands.egg-info/SOURCES.txt'
[0.761s] writing manifest file '../../build/baldybot_cs_commands/baldybot_cs_commands.egg-info/SOURCES.txt'
[0.761s] running build
[0.761s] running build_py
[0.761s] running install
[0.762s] running install_lib
[0.764s] running install_data
[0.764s] running install_egg_info
[0.765s] removing '/home/itti_jammy/Desktop/baldybot_cs/install/baldybot_cs_commands/lib/python3.10/site-packages/baldybot_cs_commands-0.0.0-py3.10.egg-info' (and everything under it)
[0.766s] Copying ../../build/baldybot_cs_commands/baldybot_cs_commands.egg-info to /home/itti_jammy/Desktop/baldybot_cs/install/baldybot_cs_commands/lib/python3.10/site-packages/baldybot_cs_commands-0.0.0-py3.10.egg-info
[0.767s] running install_scripts
[0.784s] Installing arm_gripper_commands script to /home/itti_jammy/Desktop/baldybot_cs/install/baldybot_cs_commands/lib/baldybot_cs_commands
[0.784s] writing list of installed files to '/home/itti_jammy/Desktop/baldybot_cs/build/baldybot_cs_commands/install.log'
[0.811s] Invoked command in '/home/itti_jammy/Desktop/baldybot_cs/src/baldybot_cs_commands' returned '0': PYTHONPATH=/home/itti_jammy/Desktop/baldybot_cs/build/baldybot_cs_commands/prefix_override:/usr/lib/python3/dist-packages/colcon_core/task/python/colcon_distutils_commands:/home/itti_jammy/Desktop/baldybot_cs/install/baldybot_cs_commands/lib/python3.10/site-packages:${PYTHONPATH} /usr/bin/python3 -W ignore:setup.py install is deprecated -W ignore:easy_install command is deprecated setup.py egg_info --egg-base ../../build/baldybot_cs_commands build --build-base /home/itti_jammy/Desktop/baldybot_cs/build/baldybot_cs_commands/build install --record /home/itti_jammy/Desktop/baldybot_cs/build/baldybot_cs_commands/install.log --single-version-externally-managed install_data
