[1.025s] Invoking command in '/home/itti_jammy/Desktop/baldybot_cs/src/baldybot_cs_commands': PYTHONPATH=/home/itti_jammy/Desktop/baldybot_cs/build/baldybot_cs_commands/prefix_override:/usr/lib/python3/dist-packages/colcon_core/task/python/colcon_distutils_commands:/home/itti_jammy/Desktop/baldybot_cs/install/baldybot_cs_commands/lib/python3.10/site-packages:${PYTHONPATH} /usr/bin/python3 -W ignore:setup.py install is deprecated -W ignore:easy_install command is deprecated setup.py egg_info --egg-base ../../build/baldybot_cs_commands build --build-base /home/itti_jammy/Desktop/baldybot_cs/build/baldybot_cs_commands/build install --record /home/itti_jammy/Desktop/baldybot_cs/build/baldybot_cs_commands/install.log --single-version-externally-managed install_data
[1.366s] running egg_info
[1.367s] writing ../../build/baldybot_cs_commands/baldybot_cs_commands.egg-info/PKG-INFO
[1.367s] writing dependency_links to ../../build/baldybot_cs_commands/baldybot_cs_commands.egg-info/dependency_links.txt
[1.368s] writing entry points to ../../build/baldybot_cs_commands/baldybot_cs_commands.egg-info/entry_points.txt
[1.368s] writing requirements to ../../build/baldybot_cs_commands/baldybot_cs_commands.egg-info/requires.txt
[1.368s] writing top-level names to ../../build/baldybot_cs_commands/baldybot_cs_commands.egg-info/top_level.txt
[1.371s] reading manifest file '../../build/baldybot_cs_commands/baldybot_cs_commands.egg-info/SOURCES.txt'
[1.372s] writing manifest file '../../build/baldybot_cs_commands/baldybot_cs_commands.egg-info/SOURCES.txt'
[1.372s] running build
[1.373s] running build_py
[1.373s] running install
[1.374s] running install_lib
[1.376s] running install_data
[1.376s] running install_egg_info
[1.378s] removing '/home/itti_jammy/Desktop/baldybot_cs/install/baldybot_cs_commands/lib/python3.10/site-packages/baldybot_cs_commands-0.0.0-py3.10.egg-info' (and everything under it)
[1.379s] Copying ../../build/baldybot_cs_commands/baldybot_cs_commands.egg-info to /home/itti_jammy/Desktop/baldybot_cs/install/baldybot_cs_commands/lib/python3.10/site-packages/baldybot_cs_commands-0.0.0-py3.10.egg-info
[1.380s] running install_scripts
[1.410s] Installing arm_gripper_commands script to /home/itti_jammy/Desktop/baldybot_cs/install/baldybot_cs_commands/lib/baldybot_cs_commands
[1.410s] writing list of installed files to '/home/itti_jammy/Desktop/baldybot_cs/build/baldybot_cs_commands/install.log'
[1.470s] Invoked command in '/home/itti_jammy/Desktop/baldybot_cs/src/baldybot_cs_commands' returned '0': PYTHONPATH=/home/itti_jammy/Desktop/baldybot_cs/build/baldybot_cs_commands/prefix_override:/usr/lib/python3/dist-packages/colcon_core/task/python/colcon_distutils_commands:/home/itti_jammy/Desktop/baldybot_cs/install/baldybot_cs_commands/lib/python3.10/site-packages:${PYTHONPATH} /usr/bin/python3 -W ignore:setup.py install is deprecated -W ignore:easy_install command is deprecated setup.py egg_info --egg-base ../../build/baldybot_cs_commands build --build-base /home/itti_jammy/Desktop/baldybot_cs/build/baldybot_cs_commands/build install --record /home/itti_jammy/Desktop/baldybot_cs/build/baldybot_cs_commands/install.log --single-version-externally-managed install_data
