-- Install configuration: ""
-- Up-to-date: /home/itti_jammy/Desktop/baldybot_cs/src/install/baldybot_cs_bringup/share/baldybot_cs_bringup//config
-- Up-to-date: /home/itti_jammy/Desktop/baldybot_cs/src/install/baldybot_cs_bringup/share/baldybot_cs_bringup//config/teleop_joystick.yaml
-- Up-to-date: /home/itti_jammy/Desktop/baldybot_cs/src/install/baldybot_cs_bringup/share/baldybot_cs_bringup//launch
-- Up-to-date: /home/itti_jammy/Desktop/baldybot_cs/src/install/baldybot_cs_bringup/share/baldybot_cs_bringup//launch/teleop_joystick.launch.py
-- Up-to-date: /home/itti_jammy/Desktop/baldybot_cs/src/install/baldybot_cs_bringup/share/ament_index/resource_index/package_run_dependencies/baldybot_cs_bringup
-- Up-to-date: /home/itti_jammy/Desktop/baldybot_cs/src/install/baldybot_cs_bringup/share/ament_index/resource_index/parent_prefix_path/baldybot_cs_bringup
-- Up-to-date: /home/itti_jammy/Desktop/baldybot_cs/src/install/baldybot_cs_bringup/share/baldybot_cs_bringup/environment/ament_prefix_path.sh
-- Up-to-date: /home/itti_jammy/Desktop/baldybot_cs/src/install/baldybot_cs_bringup/share/baldybot_cs_bringup/environment/ament_prefix_path.dsv
-- Up-to-date: /home/itti_jammy/Desktop/baldybot_cs/src/install/baldybot_cs_bringup/share/baldybot_cs_bringup/environment/path.sh
-- Up-to-date: /home/itti_jammy/Desktop/baldybot_cs/src/install/baldybot_cs_bringup/share/baldybot_cs_bringup/environment/path.dsv
-- Up-to-date: /home/itti_jammy/Desktop/baldybot_cs/src/install/baldybot_cs_bringup/share/baldybot_cs_bringup/local_setup.bash
-- Up-to-date: /home/itti_jammy/Desktop/baldybot_cs/src/install/baldybot_cs_bringup/share/baldybot_cs_bringup/local_setup.sh
-- Up-to-date: /home/itti_jammy/Desktop/baldybot_cs/src/install/baldybot_cs_bringup/share/baldybot_cs_bringup/local_setup.zsh
-- Up-to-date: /home/itti_jammy/Desktop/baldybot_cs/src/install/baldybot_cs_bringup/share/baldybot_cs_bringup/local_setup.dsv
-- Up-to-date: /home/itti_jammy/Desktop/baldybot_cs/src/install/baldybot_cs_bringup/share/baldybot_cs_bringup/package.dsv
-- Up-to-date: /home/itti_jammy/Desktop/baldybot_cs/src/install/baldybot_cs_bringup/share/ament_index/resource_index/packages/baldybot_cs_bringup
-- Up-to-date: /home/itti_jammy/Desktop/baldybot_cs/src/install/baldybot_cs_bringup/share/baldybot_cs_bringup/cmake/baldybot_cs_bringupConfig.cmake
-- Up-to-date: /home/itti_jammy/Desktop/baldybot_cs/src/install/baldybot_cs_bringup/share/baldybot_cs_bringup/cmake/baldybot_cs_bringupConfig-version.cmake
-- Up-to-date: /home/itti_jammy/Desktop/baldybot_cs/src/install/baldybot_cs_bringup/share/baldybot_cs_bringup/package.xml
