[0.144s] DEBUG:colcon:Command line arguments: ['/usr/bin/colcon', 'build']
[0.144s] DEBUG:colcon:Parsed command line arguments: Namespace(log_base=None, log_level=None, verb_name='build', build_base='build', install_base='install', merge_install=False, symlink_install=False, test_result_base=None, continue_on_error=False, executor='parallel', parallel_workers=16, event_handlers=None, ignore_user_meta=False, metas=['./colcon.meta'], base_paths=['.'], packages_ignore=None, packages_ignore_regex=None, paths=None, packages_up_to=None, packages_up_to_regex=None, packages_above=None, packages_above_and_dependencies=None, packages_above_depth=None, packages_select_by_dep=None, packages_skip_by_dep=None, packages_skip_up_to=None, packages_select_build_failed=False, packages_skip_build_finished=False, packages_select_test_failures=False, packages_skip_test_passed=False, packages_select=None, packages_skip=None, packages_select_regex=None, packages_skip_regex=None, packages_start=None, packages_end=None, allow_overriding=[], cmake_args=None, cmake_target=None, cmake_target_skip_unavailable=False, cmake_clean_cache=False, cmake_clean_first=False, cmake_force_configure=False, ament_cmake_args=None, catkin_cmake_args=None, catkin_skip_building_tests=False, verb_parser=<colcon_defaults.argument_parser.defaults.DefaultArgumentsDecorator object at 0x720af36cd960>, verb_extension=<colcon_core.verb.build.BuildVerb object at 0x720af386ad70>, main=<bound method BuildVerb.main of <colcon_core.verb.build.BuildVerb object at 0x720af386ad70>>)
[0.377s] Level 1:colcon.colcon_core.package_discovery:discover_packages(colcon_meta) check parameters
[0.378s] Level 1:colcon.colcon_core.package_discovery:discover_packages(recursive) check parameters
[0.378s] Level 1:colcon.colcon_core.package_discovery:discover_packages(ignore) check parameters
[0.378s] Level 1:colcon.colcon_core.package_discovery:discover_packages(path) check parameters
[0.378s] Level 1:colcon.colcon_core.package_discovery:discover_packages(colcon_meta) discover
[0.378s] Level 1:colcon.colcon_core.package_discovery:discover_packages(recursive) discover
[0.378s] INFO:colcon.colcon_core.package_discovery:Crawling recursively for packages in '/home/itti_jammy/Desktop/baldybot_cs/src'
[0.378s] Level 1:colcon.colcon_core.package_identification:_identify(.) by extensions ['ignore', 'ignore_ament_install']
[0.378s] Level 1:colcon.colcon_core.package_identification:_identify(.) by extension 'ignore'
[0.378s] Level 1:colcon.colcon_core.package_identification:_identify(.) by extension 'ignore_ament_install'
[0.378s] Level 1:colcon.colcon_core.package_identification:_identify(.) by extensions ['colcon_pkg']
[0.378s] Level 1:colcon.colcon_core.package_identification:_identify(.) by extension 'colcon_pkg'
[0.378s] Level 1:colcon.colcon_core.package_identification:_identify(.) by extensions ['colcon_meta']
[0.378s] Level 1:colcon.colcon_core.package_identification:_identify(.) by extension 'colcon_meta'
[0.379s] Level 1:colcon.colcon_core.package_identification:_identify(.) by extensions ['ros']
[0.379s] Level 1:colcon.colcon_core.package_identification:_identify(.) by extension 'ros'
[0.393s] Level 1:colcon.colcon_core.package_identification:_identify(.) by extensions ['cmake', 'python']
[0.393s] Level 1:colcon.colcon_core.package_identification:_identify(.) by extension 'cmake'
[0.393s] Level 1:colcon.colcon_core.package_identification:_identify(.) by extension 'python'
[0.393s] Level 1:colcon.colcon_core.package_identification:_identify(.) by extensions ['python_setup_py']
[0.393s] Level 1:colcon.colcon_core.package_identification:_identify(.) by extension 'python_setup_py'
[0.394s] Level 1:colcon.colcon_core.package_identification:_identify(baldybot_cs_bringup) by extensions ['ignore', 'ignore_ament_install']
[0.394s] Level 1:colcon.colcon_core.package_identification:_identify(baldybot_cs_bringup) by extension 'ignore'
[0.394s] Level 1:colcon.colcon_core.package_identification:_identify(baldybot_cs_bringup) by extension 'ignore_ament_install'
[0.394s] Level 1:colcon.colcon_core.package_identification:_identify(baldybot_cs_bringup) by extensions ['colcon_pkg']
[0.394s] Level 1:colcon.colcon_core.package_identification:_identify(baldybot_cs_bringup) by extension 'colcon_pkg'
[0.394s] Level 1:colcon.colcon_core.package_identification:_identify(baldybot_cs_bringup) by extensions ['colcon_meta']
[0.394s] Level 1:colcon.colcon_core.package_identification:_identify(baldybot_cs_bringup) by extension 'colcon_meta'
[0.394s] Level 1:colcon.colcon_core.package_identification:_identify(baldybot_cs_bringup) by extensions ['ros']
[0.394s] Level 1:colcon.colcon_core.package_identification:_identify(baldybot_cs_bringup) by extension 'ros'
[0.397s] DEBUG:colcon.colcon_core.package_identification:Package 'baldybot_cs_bringup' with type 'ros.ament_cmake' and name 'baldybot_cs_bringup'
[0.397s] Level 1:colcon.colcon_core.package_identification:_identify(baldybot_cs_commands) by extensions ['ignore', 'ignore_ament_install']
[0.398s] Level 1:colcon.colcon_core.package_identification:_identify(baldybot_cs_commands) by extension 'ignore'
[0.398s] Level 1:colcon.colcon_core.package_identification:_identify(baldybot_cs_commands) by extension 'ignore_ament_install'
[0.398s] Level 1:colcon.colcon_core.package_identification:_identify(baldybot_cs_commands) by extensions ['colcon_pkg']
[0.398s] Level 1:colcon.colcon_core.package_identification:_identify(baldybot_cs_commands) by extension 'colcon_pkg'
[0.398s] Level 1:colcon.colcon_core.package_identification:_identify(baldybot_cs_commands) by extensions ['colcon_meta']
[0.398s] Level 1:colcon.colcon_core.package_identification:_identify(baldybot_cs_commands) by extension 'colcon_meta'
[0.398s] Level 1:colcon.colcon_core.package_identification:_identify(baldybot_cs_commands) by extensions ['ros']
[0.398s] Level 1:colcon.colcon_core.package_identification:_identify(baldybot_cs_commands) by extension 'ros'
[0.399s] DEBUG:colcon.colcon_core.package_identification:Package 'baldybot_cs_commands' with type 'ros.ament_python' and name 'baldybot_cs_commands'
[0.399s] Level 1:colcon.colcon_core.package_identification:_identify(build) by extensions ['ignore', 'ignore_ament_install']
[0.399s] Level 1:colcon.colcon_core.package_identification:_identify(build) by extension 'ignore'
[0.399s] Level 1:colcon.colcon_core.package_identification:_identify(build) ignored
[0.399s] Level 1:colcon.colcon_core.package_identification:_identify(install) by extensions ['ignore', 'ignore_ament_install']
[0.399s] Level 1:colcon.colcon_core.package_identification:_identify(install) by extension 'ignore'
[0.399s] Level 1:colcon.colcon_core.package_identification:_identify(install) ignored
[0.399s] Level 1:colcon.colcon_core.package_identification:_identify(log) by extensions ['ignore', 'ignore_ament_install']
[0.400s] Level 1:colcon.colcon_core.package_identification:_identify(log) by extension 'ignore'
[0.400s] Level 1:colcon.colcon_core.package_identification:_identify(log) ignored
[0.400s] Level 1:colcon.colcon_core.package_discovery:discover_packages(recursive) using defaults
[0.400s] Level 1:colcon.colcon_core.package_discovery:discover_packages(ignore) discover
[0.400s] Level 1:colcon.colcon_core.package_discovery:discover_packages(ignore) using defaults
[0.400s] Level 1:colcon.colcon_core.package_discovery:discover_packages(path) discover
[0.400s] Level 1:colcon.colcon_core.package_discovery:discover_packages(path) using defaults
[0.457s] Level 1:colcon.colcon_core.package_discovery:discover_packages(prefix_path) check parameters
[0.457s] Level 1:colcon.colcon_core.package_discovery:discover_packages(prefix_path) discover
[0.460s] DEBUG:colcon.colcon_installed_package_information.package_discovery:Found 2 installed packages in /home/itti_jammy/Desktop/baldybot_cs/install
[0.460s] DEBUG:colcon.colcon_installed_package_information.package_discovery:Found 3 installed packages in /home/itti_jammy/RoverBaldies_ws/install
[0.461s] DEBUG:colcon.colcon_installed_package_information.package_discovery:Found 4 installed packages in /home/itti_jammy/ros2_ws_jammy/install
[0.461s] DEBUG:colcon.colcon_installed_package_information.package_discovery:Found 1 installed packages in /home/itti_jammy/Desktop/articubot_one/install
[0.464s] DEBUG:colcon.colcon_installed_package_information.package_discovery:Found 408 installed packages in /opt/ros/humble
[0.467s] Level 1:colcon.colcon_core.package_discovery:discover_packages(prefix_path) using defaults
[0.534s] Level 5:colcon.colcon_core.verb:set package 'baldybot_cs_bringup' build argument 'cmake_args' from command line to 'None'
[0.534s] Level 5:colcon.colcon_core.verb:set package 'baldybot_cs_bringup' build argument 'cmake_target' from command line to 'None'
[0.535s] Level 5:colcon.colcon_core.verb:set package 'baldybot_cs_bringup' build argument 'cmake_target_skip_unavailable' from command line to 'False'
[0.535s] Level 5:colcon.colcon_core.verb:set package 'baldybot_cs_bringup' build argument 'cmake_clean_cache' from command line to 'False'
[0.535s] Level 5:colcon.colcon_core.verb:set package 'baldybot_cs_bringup' build argument 'cmake_clean_first' from command line to 'False'
[0.535s] Level 5:colcon.colcon_core.verb:set package 'baldybot_cs_bringup' build argument 'cmake_force_configure' from command line to 'False'
[0.535s] Level 5:colcon.colcon_core.verb:set package 'baldybot_cs_bringup' build argument 'ament_cmake_args' from command line to 'None'
[0.535s] Level 5:colcon.colcon_core.verb:set package 'baldybot_cs_bringup' build argument 'catkin_cmake_args' from command line to 'None'
[0.535s] Level 5:colcon.colcon_core.verb:set package 'baldybot_cs_bringup' build argument 'catkin_skip_building_tests' from command line to 'False'
[0.535s] DEBUG:colcon.colcon_core.verb:Building package 'baldybot_cs_bringup' with the following arguments: {'ament_cmake_args': None, 'build_base': '/home/itti_jammy/Desktop/baldybot_cs/src/build/baldybot_cs_bringup', 'catkin_cmake_args': None, 'catkin_skip_building_tests': False, 'cmake_args': None, 'cmake_clean_cache': False, 'cmake_clean_first': False, 'cmake_force_configure': False, 'cmake_target': None, 'cmake_target_skip_unavailable': False, 'install_base': '/home/itti_jammy/Desktop/baldybot_cs/src/install/baldybot_cs_bringup', 'merge_install': False, 'path': '/home/itti_jammy/Desktop/baldybot_cs/src/baldybot_cs_bringup', 'symlink_install': False, 'test_result_base': None}
[0.535s] Level 5:colcon.colcon_core.verb:set package 'baldybot_cs_commands' build argument 'cmake_args' from command line to 'None'
[0.535s] Level 5:colcon.colcon_core.verb:set package 'baldybot_cs_commands' build argument 'cmake_target' from command line to 'None'
[0.535s] Level 5:colcon.colcon_core.verb:set package 'baldybot_cs_commands' build argument 'cmake_target_skip_unavailable' from command line to 'False'
[0.535s] Level 5:colcon.colcon_core.verb:set package 'baldybot_cs_commands' build argument 'cmake_clean_cache' from command line to 'False'
[0.535s] Level 5:colcon.colcon_core.verb:set package 'baldybot_cs_commands' build argument 'cmake_clean_first' from command line to 'False'
[0.535s] Level 5:colcon.colcon_core.verb:set package 'baldybot_cs_commands' build argument 'cmake_force_configure' from command line to 'False'
[0.535s] Level 5:colcon.colcon_core.verb:set package 'baldybot_cs_commands' build argument 'ament_cmake_args' from command line to 'None'
[0.535s] Level 5:colcon.colcon_core.verb:set package 'baldybot_cs_commands' build argument 'catkin_cmake_args' from command line to 'None'
[0.535s] Level 5:colcon.colcon_core.verb:set package 'baldybot_cs_commands' build argument 'catkin_skip_building_tests' from command line to 'False'
[0.535s] DEBUG:colcon.colcon_core.verb:Building package 'baldybot_cs_commands' with the following arguments: {'ament_cmake_args': None, 'build_base': '/home/itti_jammy/Desktop/baldybot_cs/src/build/baldybot_cs_commands', 'catkin_cmake_args': None, 'catkin_skip_building_tests': False, 'cmake_args': None, 'cmake_clean_cache': False, 'cmake_clean_first': False, 'cmake_force_configure': False, 'cmake_target': None, 'cmake_target_skip_unavailable': False, 'install_base': '/home/itti_jammy/Desktop/baldybot_cs/src/install/baldybot_cs_commands', 'merge_install': False, 'path': '/home/itti_jammy/Desktop/baldybot_cs/src/baldybot_cs_commands', 'symlink_install': False, 'test_result_base': None}
[0.536s] INFO:colcon.colcon_core.executor:Executing jobs using 'parallel' executor
[0.537s] DEBUG:colcon.colcon_parallel_executor.executor.parallel:run_until_complete
[0.538s] INFO:colcon.colcon_ros.task.ament_cmake.build:Building ROS package in '/home/itti_jammy/Desktop/baldybot_cs/src/baldybot_cs_bringup' with build type 'ament_cmake'
[0.538s] INFO:colcon.colcon_cmake.task.cmake.build:Building CMake package in '/home/itti_jammy/Desktop/baldybot_cs/src/baldybot_cs_bringup'
[0.541s] INFO:colcon.colcon_core.plugin_system:Skipping extension 'colcon_core.shell.bat': Not used on non-Windows systems
[0.541s] INFO:colcon.colcon_core.shell:Skip shell extension 'powershell' for command environment: Not usable outside of PowerShell
[0.541s] DEBUG:colcon.colcon_core.shell:Skip shell extension 'dsv' for command environment
[0.549s] INFO:colcon.colcon_ros.task.ament_python.build:Building ROS package in '/home/itti_jammy/Desktop/baldybot_cs/src/baldybot_cs_commands' with build type 'ament_python'
[0.549s] Level 1:colcon.colcon_core.shell:create_environment_hook('baldybot_cs_commands', 'ament_prefix_path')
[0.550s] INFO:colcon.colcon_core.shell:Creating environment hook '/home/itti_jammy/Desktop/baldybot_cs/src/install/baldybot_cs_commands/share/baldybot_cs_commands/hook/ament_prefix_path.ps1'
[0.552s] INFO:colcon.colcon_core.shell:Creating environment descriptor '/home/itti_jammy/Desktop/baldybot_cs/src/install/baldybot_cs_commands/share/baldybot_cs_commands/hook/ament_prefix_path.dsv'
[0.552s] INFO:colcon.colcon_core.shell:Creating environment hook '/home/itti_jammy/Desktop/baldybot_cs/src/install/baldybot_cs_commands/share/baldybot_cs_commands/hook/ament_prefix_path.sh'
[0.554s] INFO:colcon.colcon_core.shell:Skip shell extension 'powershell' for command environment: Not usable outside of PowerShell
[0.554s] DEBUG:colcon.colcon_core.shell:Skip shell extension 'dsv' for command environment
[0.568s] DEBUG:colcon.colcon_core.event_handler.log_command:Invoking command in '/home/itti_jammy/Desktop/baldybot_cs/src/build/baldybot_cs_bringup': CMAKE_PREFIX_PATH=${CMAKE_PREFIX_PATH}:/home/itti_jammy/Desktop/baldybot_cs/install/baldybot_cs_commands:/home/itti_jammy/ros2_ws_jammy/install/my_py_pkg:/home/itti_jammy/RoverBaldies_ws/install/baldybot_CS:/opt/ros/humble /usr/bin/cmake /home/itti_jammy/Desktop/baldybot_cs/src/baldybot_cs_bringup -DCMAKE_INSTALL_PREFIX=/home/itti_jammy/Desktop/baldybot_cs/src/install/baldybot_cs_bringup
[0.973s] INFO:colcon.colcon_core.task.python.build:Building Python package in '/home/itti_jammy/Desktop/baldybot_cs/src/baldybot_cs_commands'
[0.974s] INFO:colcon.colcon_core.shell:Skip shell extension 'powershell' for command environment: Not usable outside of PowerShell
[0.974s] DEBUG:colcon.colcon_core.shell:Skip shell extension 'dsv' for command environment
[1.555s] DEBUG:colcon.colcon_core.event_handler.log_command:Invoking command in '/home/itti_jammy/Desktop/baldybot_cs/src/baldybot_cs_commands': PYTHONPATH=/home/itti_jammy/Desktop/baldybot_cs/src/build/baldybot_cs_commands/prefix_override:/usr/lib/python3/dist-packages/colcon_core/task/python/colcon_distutils_commands:/home/itti_jammy/Desktop/baldybot_cs/src/install/baldybot_cs_commands/lib/python3.10/site-packages:${PYTHONPATH} /usr/bin/python3 -W ignore:setup.py install is deprecated -W ignore:easy_install command is deprecated setup.py egg_info --egg-base ../build/baldybot_cs_commands build --build-base /home/itti_jammy/Desktop/baldybot_cs/src/build/baldybot_cs_commands/build install --record /home/itti_jammy/Desktop/baldybot_cs/src/build/baldybot_cs_commands/install.log --single-version-externally-managed install_data
[2.010s] DEBUG:colcon.colcon_core.event_handler.log_command:Invoked command in '/home/itti_jammy/Desktop/baldybot_cs/src/baldybot_cs_commands' returned '0': PYTHONPATH=/home/itti_jammy/Desktop/baldybot_cs/src/build/baldybot_cs_commands/prefix_override:/usr/lib/python3/dist-packages/colcon_core/task/python/colcon_distutils_commands:/home/itti_jammy/Desktop/baldybot_cs/src/install/baldybot_cs_commands/lib/python3.10/site-packages:${PYTHONPATH} /usr/bin/python3 -W ignore:setup.py install is deprecated -W ignore:easy_install command is deprecated setup.py egg_info --egg-base ../build/baldybot_cs_commands build --build-base /home/itti_jammy/Desktop/baldybot_cs/src/build/baldybot_cs_commands/build install --record /home/itti_jammy/Desktop/baldybot_cs/src/build/baldybot_cs_commands/install.log --single-version-externally-managed install_data
[2.013s] Level 1:colcon.colcon_core.environment:checking '/home/itti_jammy/Desktop/baldybot_cs/src/install/baldybot_cs_commands' for CMake module files
[2.014s] Level 1:colcon.colcon_core.environment:checking '/home/itti_jammy/Desktop/baldybot_cs/src/install/baldybot_cs_commands' for CMake config files
[2.015s] Level 1:colcon.colcon_core.environment:checking '/home/itti_jammy/Desktop/baldybot_cs/src/install/baldybot_cs_commands/lib'
[2.015s] Level 1:colcon.colcon_core.environment:checking '/home/itti_jammy/Desktop/baldybot_cs/src/install/baldybot_cs_commands/bin'
[2.015s] Level 1:colcon.colcon_core.environment:checking '/home/itti_jammy/Desktop/baldybot_cs/src/install/baldybot_cs_commands/lib/pkgconfig/baldybot_cs_commands.pc'
[2.016s] Level 1:colcon.colcon_core.environment:checking '/home/itti_jammy/Desktop/baldybot_cs/src/install/baldybot_cs_commands/lib/python3.10/site-packages'
[2.016s] Level 1:colcon.colcon_core.shell:create_environment_hook('baldybot_cs_commands', 'pythonpath')
[2.016s] INFO:colcon.colcon_core.shell:Creating environment hook '/home/itti_jammy/Desktop/baldybot_cs/src/install/baldybot_cs_commands/share/baldybot_cs_commands/hook/pythonpath.ps1'
[2.017s] INFO:colcon.colcon_core.shell:Creating environment descriptor '/home/itti_jammy/Desktop/baldybot_cs/src/install/baldybot_cs_commands/share/baldybot_cs_commands/hook/pythonpath.dsv'
[2.018s] INFO:colcon.colcon_core.shell:Creating environment hook '/home/itti_jammy/Desktop/baldybot_cs/src/install/baldybot_cs_commands/share/baldybot_cs_commands/hook/pythonpath.sh'
[2.018s] Level 1:colcon.colcon_core.environment:checking '/home/itti_jammy/Desktop/baldybot_cs/src/install/baldybot_cs_commands/bin'
[2.019s] Level 1:colcon.colcon_core.environment:create_environment_scripts_only(baldybot_cs_commands)
[2.019s] INFO:colcon.colcon_core.shell:Creating package script '/home/itti_jammy/Desktop/baldybot_cs/src/install/baldybot_cs_commands/share/baldybot_cs_commands/package.ps1'
[2.020s] INFO:colcon.colcon_core.shell:Creating package descriptor '/home/itti_jammy/Desktop/baldybot_cs/src/install/baldybot_cs_commands/share/baldybot_cs_commands/package.dsv'
[2.021s] INFO:colcon.colcon_core.shell:Creating package script '/home/itti_jammy/Desktop/baldybot_cs/src/install/baldybot_cs_commands/share/baldybot_cs_commands/package.sh'
[2.022s] INFO:colcon.colcon_core.shell:Creating package script '/home/itti_jammy/Desktop/baldybot_cs/src/install/baldybot_cs_commands/share/baldybot_cs_commands/package.bash'
[2.023s] INFO:colcon.colcon_core.shell:Creating package script '/home/itti_jammy/Desktop/baldybot_cs/src/install/baldybot_cs_commands/share/baldybot_cs_commands/package.zsh'
[2.023s] Level 1:colcon.colcon_core.environment:create_file_with_runtime_dependencies(/home/itti_jammy/Desktop/baldybot_cs/src/install/baldybot_cs_commands/share/colcon-core/packages/baldybot_cs_commands)
[2.920s] DEBUG:colcon.colcon_core.event_handler.log_command:Invoked command in '/home/itti_jammy/Desktop/baldybot_cs/src/build/baldybot_cs_bringup' returned '0': CMAKE_PREFIX_PATH=${CMAKE_PREFIX_PATH}:/home/itti_jammy/Desktop/baldybot_cs/install/baldybot_cs_commands:/home/itti_jammy/ros2_ws_jammy/install/my_py_pkg:/home/itti_jammy/RoverBaldies_ws/install/baldybot_CS:/opt/ros/humble /usr/bin/cmake /home/itti_jammy/Desktop/baldybot_cs/src/baldybot_cs_bringup -DCMAKE_INSTALL_PREFIX=/home/itti_jammy/Desktop/baldybot_cs/src/install/baldybot_cs_bringup
[2.924s] DEBUG:colcon.colcon_core.event_handler.log_command:Invoking command in '/home/itti_jammy/Desktop/baldybot_cs/src/build/baldybot_cs_bringup': CMAKE_PREFIX_PATH=${CMAKE_PREFIX_PATH}:/home/itti_jammy/Desktop/baldybot_cs/install/baldybot_cs_commands:/home/itti_jammy/ros2_ws_jammy/install/my_py_pkg:/home/itti_jammy/RoverBaldies_ws/install/baldybot_CS:/opt/ros/humble /usr/bin/cmake --build /home/itti_jammy/Desktop/baldybot_cs/src/build/baldybot_cs_bringup -- -j16 -l16
[3.014s] DEBUG:colcon.colcon_core.event_handler.log_command:Invoked command in '/home/itti_jammy/Desktop/baldybot_cs/src/build/baldybot_cs_bringup' returned '0': CMAKE_PREFIX_PATH=${CMAKE_PREFIX_PATH}:/home/itti_jammy/Desktop/baldybot_cs/install/baldybot_cs_commands:/home/itti_jammy/ros2_ws_jammy/install/my_py_pkg:/home/itti_jammy/RoverBaldies_ws/install/baldybot_CS:/opt/ros/humble /usr/bin/cmake --build /home/itti_jammy/Desktop/baldybot_cs/src/build/baldybot_cs_bringup -- -j16 -l16
[3.041s] DEBUG:colcon.colcon_core.event_handler.log_command:Invoking command in '/home/itti_jammy/Desktop/baldybot_cs/src/build/baldybot_cs_bringup': CMAKE_PREFIX_PATH=${CMAKE_PREFIX_PATH}:/home/itti_jammy/Desktop/baldybot_cs/install/baldybot_cs_commands:/home/itti_jammy/ros2_ws_jammy/install/my_py_pkg:/home/itti_jammy/RoverBaldies_ws/install/baldybot_CS:/opt/ros/humble /usr/bin/cmake --install /home/itti_jammy/Desktop/baldybot_cs/src/build/baldybot_cs_bringup
[3.069s] Level 1:colcon.colcon_core.environment:create_environment_scripts_only(baldybot_cs_bringup)
[3.070s] Level 1:colcon.colcon_core.environment:checking '/home/itti_jammy/Desktop/baldybot_cs/src/install/baldybot_cs_bringup' for CMake module files
[3.072s] DEBUG:colcon.colcon_core.event_handler.log_command:Invoked command in '/home/itti_jammy/Desktop/baldybot_cs/src/build/baldybot_cs_bringup' returned '0': CMAKE_PREFIX_PATH=${CMAKE_PREFIX_PATH}:/home/itti_jammy/Desktop/baldybot_cs/install/baldybot_cs_commands:/home/itti_jammy/ros2_ws_jammy/install/my_py_pkg:/home/itti_jammy/RoverBaldies_ws/install/baldybot_CS:/opt/ros/humble /usr/bin/cmake --install /home/itti_jammy/Desktop/baldybot_cs/src/build/baldybot_cs_bringup
[3.073s] Level 1:colcon.colcon_core.environment:checking '/home/itti_jammy/Desktop/baldybot_cs/src/install/baldybot_cs_bringup' for CMake config files
[3.074s] Level 1:colcon.colcon_core.shell:create_environment_hook('baldybot_cs_bringup', 'cmake_prefix_path')
[3.075s] INFO:colcon.colcon_core.shell:Creating environment hook '/home/itti_jammy/Desktop/baldybot_cs/src/install/baldybot_cs_bringup/share/baldybot_cs_bringup/hook/cmake_prefix_path.ps1'
[3.077s] INFO:colcon.colcon_core.shell:Creating environment descriptor '/home/itti_jammy/Desktop/baldybot_cs/src/install/baldybot_cs_bringup/share/baldybot_cs_bringup/hook/cmake_prefix_path.dsv'
[3.078s] INFO:colcon.colcon_core.shell:Creating environment hook '/home/itti_jammy/Desktop/baldybot_cs/src/install/baldybot_cs_bringup/share/baldybot_cs_bringup/hook/cmake_prefix_path.sh'
[3.080s] Level 1:colcon.colcon_core.environment:checking '/home/itti_jammy/Desktop/baldybot_cs/src/install/baldybot_cs_bringup/bin'
[3.081s] Level 1:colcon.colcon_core.environment:checking '/home/itti_jammy/Desktop/baldybot_cs/src/install/baldybot_cs_bringup/lib/pkgconfig/baldybot_cs_bringup.pc'
[3.081s] Level 1:colcon.colcon_core.environment:checking '/home/itti_jammy/Desktop/baldybot_cs/src/install/baldybot_cs_bringup/lib/python3.10/site-packages'
[3.082s] Level 1:colcon.colcon_core.environment:checking '/home/itti_jammy/Desktop/baldybot_cs/src/install/baldybot_cs_bringup/bin'
[3.083s] INFO:colcon.colcon_core.shell:Creating package script '/home/itti_jammy/Desktop/baldybot_cs/src/install/baldybot_cs_bringup/share/baldybot_cs_bringup/package.ps1'
[3.084s] INFO:colcon.colcon_core.shell:Creating package descriptor '/home/itti_jammy/Desktop/baldybot_cs/src/install/baldybot_cs_bringup/share/baldybot_cs_bringup/package.dsv'
[3.086s] INFO:colcon.colcon_core.shell:Creating package script '/home/itti_jammy/Desktop/baldybot_cs/src/install/baldybot_cs_bringup/share/baldybot_cs_bringup/package.sh'
[3.087s] INFO:colcon.colcon_core.shell:Creating package script '/home/itti_jammy/Desktop/baldybot_cs/src/install/baldybot_cs_bringup/share/baldybot_cs_bringup/package.bash'
[3.088s] INFO:colcon.colcon_core.shell:Creating package script '/home/itti_jammy/Desktop/baldybot_cs/src/install/baldybot_cs_bringup/share/baldybot_cs_bringup/package.zsh'
[3.089s] Level 1:colcon.colcon_core.environment:create_file_with_runtime_dependencies(/home/itti_jammy/Desktop/baldybot_cs/src/install/baldybot_cs_bringup/share/colcon-core/packages/baldybot_cs_bringup)
[3.091s] Level 1:colcon.colcon_core.environment:create_environment_scripts_only(baldybot_cs_bringup)
[3.091s] Level 1:colcon.colcon_core.environment:checking '/home/itti_jammy/Desktop/baldybot_cs/src/install/baldybot_cs_bringup' for CMake module files
[3.093s] Level 1:colcon.colcon_core.environment:checking '/home/itti_jammy/Desktop/baldybot_cs/src/install/baldybot_cs_bringup' for CMake config files
[3.094s] Level 1:colcon.colcon_core.shell:create_environment_hook('baldybot_cs_bringup', 'cmake_prefix_path')
[3.095s] INFO:colcon.colcon_core.shell:Creating environment hook '/home/itti_jammy/Desktop/baldybot_cs/src/install/baldybot_cs_bringup/share/baldybot_cs_bringup/hook/cmake_prefix_path.ps1'
[3.096s] INFO:colcon.colcon_core.shell:Creating environment descriptor '/home/itti_jammy/Desktop/baldybot_cs/src/install/baldybot_cs_bringup/share/baldybot_cs_bringup/hook/cmake_prefix_path.dsv'
[3.096s] INFO:colcon.colcon_core.shell:Creating environment hook '/home/itti_jammy/Desktop/baldybot_cs/src/install/baldybot_cs_bringup/share/baldybot_cs_bringup/hook/cmake_prefix_path.sh'
[3.097s] Level 1:colcon.colcon_core.environment:checking '/home/itti_jammy/Desktop/baldybot_cs/src/install/baldybot_cs_bringup/bin'
[3.097s] Level 1:colcon.colcon_core.environment:checking '/home/itti_jammy/Desktop/baldybot_cs/src/install/baldybot_cs_bringup/lib/pkgconfig/baldybot_cs_bringup.pc'
[3.097s] Level 1:colcon.colcon_core.environment:checking '/home/itti_jammy/Desktop/baldybot_cs/src/install/baldybot_cs_bringup/lib/python3.10/site-packages'
[3.098s] Level 1:colcon.colcon_core.environment:checking '/home/itti_jammy/Desktop/baldybot_cs/src/install/baldybot_cs_bringup/bin'
[3.098s] INFO:colcon.colcon_core.shell:Creating package script '/home/itti_jammy/Desktop/baldybot_cs/src/install/baldybot_cs_bringup/share/baldybot_cs_bringup/package.ps1'
[3.099s] INFO:colcon.colcon_core.shell:Creating package descriptor '/home/itti_jammy/Desktop/baldybot_cs/src/install/baldybot_cs_bringup/share/baldybot_cs_bringup/package.dsv'
[3.099s] INFO:colcon.colcon_core.shell:Creating package script '/home/itti_jammy/Desktop/baldybot_cs/src/install/baldybot_cs_bringup/share/baldybot_cs_bringup/package.sh'
[3.100s] INFO:colcon.colcon_core.shell:Creating package script '/home/itti_jammy/Desktop/baldybot_cs/src/install/baldybot_cs_bringup/share/baldybot_cs_bringup/package.bash'
[3.100s] INFO:colcon.colcon_core.shell:Creating package script '/home/itti_jammy/Desktop/baldybot_cs/src/install/baldybot_cs_bringup/share/baldybot_cs_bringup/package.zsh'
[3.101s] Level 1:colcon.colcon_core.environment:create_file_with_runtime_dependencies(/home/itti_jammy/Desktop/baldybot_cs/src/install/baldybot_cs_bringup/share/colcon-core/packages/baldybot_cs_bringup)
[3.101s] DEBUG:colcon.colcon_parallel_executor.executor.parallel:closing loop
[3.102s] DEBUG:colcon.colcon_parallel_executor.executor.parallel:loop closed
[3.102s] DEBUG:colcon.colcon_parallel_executor.executor.parallel:run_until_complete finished with '0'
[3.102s] DEBUG:colcon.colcon_core.event_reactor:joining thread
[3.116s] INFO:colcon.colcon_core.plugin_system:Skipping extension 'colcon_notification.desktop_notification.terminal_notifier': Not used on non-Darwin systems
[3.116s] INFO:colcon.colcon_core.plugin_system:Skipping extension 'colcon_notification.desktop_notification.win32': Not used on non-Windows systems
[3.116s] INFO:colcon.colcon_notification.desktop_notification:Sending desktop notification using 'notify2'
[3.137s] DEBUG:colcon.colcon_core.event_reactor:joined thread
[3.138s] INFO:colcon.colcon_core.shell:Creating prefix script '/home/itti_jammy/Desktop/baldybot_cs/src/install/local_setup.ps1'
[3.139s] INFO:colcon.colcon_core.shell:Creating prefix util module '/home/itti_jammy/Desktop/baldybot_cs/src/install/_local_setup_util_ps1.py'
[3.142s] INFO:colcon.colcon_core.shell:Creating prefix chain script '/home/itti_jammy/Desktop/baldybot_cs/src/install/setup.ps1'
[3.144s] INFO:colcon.colcon_core.shell:Creating prefix script '/home/itti_jammy/Desktop/baldybot_cs/src/install/local_setup.sh'
[3.146s] INFO:colcon.colcon_core.shell:Creating prefix util module '/home/itti_jammy/Desktop/baldybot_cs/src/install/_local_setup_util_sh.py'
[3.147s] INFO:colcon.colcon_core.shell:Creating prefix chain script '/home/itti_jammy/Desktop/baldybot_cs/src/install/setup.sh'
[3.149s] INFO:colcon.colcon_core.shell:Creating prefix script '/home/itti_jammy/Desktop/baldybot_cs/src/install/local_setup.bash'
[3.150s] INFO:colcon.colcon_core.shell:Creating prefix chain script '/home/itti_jammy/Desktop/baldybot_cs/src/install/setup.bash'
[3.153s] INFO:colcon.colcon_core.shell:Creating prefix script '/home/itti_jammy/Desktop/baldybot_cs/src/install/local_setup.zsh'
[3.154s] INFO:colcon.colcon_core.shell:Creating prefix chain script '/home/itti_jammy/Desktop/baldybot_cs/src/install/setup.zsh'
