[0.087s] DEBUG:colcon:Command line arguments: ['/usr/bin/colcon', 'build']
[0.087s] DEBUG:colcon:Parsed command line arguments: Namespace(log_base=None, log_level=None, verb_name='build', build_base='build', install_base='install', merge_install=False, symlink_install=False, test_result_base=None, continue_on_error=False, executor='parallel', parallel_workers=16, event_handlers=None, ignore_user_meta=False, metas=['./colcon.meta'], base_paths=['.'], packages_ignore=None, packages_ignore_regex=None, paths=None, packages_up_to=None, packages_up_to_regex=None, packages_above=None, packages_above_and_dependencies=None, packages_above_depth=None, packages_select_by_dep=None, packages_skip_by_dep=None, packages_skip_up_to=None, packages_select_build_failed=False, packages_skip_build_finished=False, packages_select_test_failures=False, packages_skip_test_passed=False, packages_select=None, packages_skip=None, packages_select_regex=None, packages_skip_regex=None, packages_start=None, packages_end=None, allow_overriding=[], cmake_args=None, cmake_target=None, cmake_target_skip_unavailable=False, cmake_clean_cache=False, cmake_clean_first=False, cmake_force_configure=False, ament_cmake_args=None, catkin_cmake_args=None, catkin_skip_building_tests=False, verb_parser=<colcon_defaults.argument_parser.defaults.DefaultArgumentsDecorator object at 0x74c88824cf40>, verb_extension=<colcon_core.verb.build.BuildVerb object at 0x74c88835e2c0>, main=<bound method BuildVerb.main of <colcon_core.verb.build.BuildVerb object at 0x74c88835e2c0>>)
[0.229s] Level 1:colcon.colcon_core.package_discovery:discover_packages(colcon_meta) check parameters
[0.229s] Level 1:colcon.colcon_core.package_discovery:discover_packages(recursive) check parameters
[0.229s] Level 1:colcon.colcon_core.package_discovery:discover_packages(ignore) check parameters
[0.229s] Level 1:colcon.colcon_core.package_discovery:discover_packages(path) check parameters
[0.229s] Level 1:colcon.colcon_core.package_discovery:discover_packages(colcon_meta) discover
[0.229s] Level 1:colcon.colcon_core.package_discovery:discover_packages(recursive) discover
[0.229s] INFO:colcon.colcon_core.package_discovery:Crawling recursively for packages in '/home/itti_jammy/Desktop/baldybot_cs'
[0.229s] Level 1:colcon.colcon_core.package_identification:_identify(.) by extensions ['ignore', 'ignore_ament_install']
[0.229s] Level 1:colcon.colcon_core.package_identification:_identify(.) by extension 'ignore'
[0.229s] Level 1:colcon.colcon_core.package_identification:_identify(.) by extension 'ignore_ament_install'
[0.229s] Level 1:colcon.colcon_core.package_identification:_identify(.) by extensions ['colcon_pkg']
[0.229s] Level 1:colcon.colcon_core.package_identification:_identify(.) by extension 'colcon_pkg'
[0.229s] Level 1:colcon.colcon_core.package_identification:_identify(.) by extensions ['colcon_meta']
[0.229s] Level 1:colcon.colcon_core.package_identification:_identify(.) by extension 'colcon_meta'
[0.229s] Level 1:colcon.colcon_core.package_identification:_identify(.) by extensions ['ros']
[0.229s] Level 1:colcon.colcon_core.package_identification:_identify(.) by extension 'ros'
[0.240s] Level 1:colcon.colcon_core.package_identification:_identify(.) by extensions ['cmake', 'python']
[0.240s] Level 1:colcon.colcon_core.package_identification:_identify(.) by extension 'cmake'
[0.241s] Level 1:colcon.colcon_core.package_identification:_identify(.) by extension 'python'
[0.241s] Level 1:colcon.colcon_core.package_identification:_identify(.) by extensions ['python_setup_py']
[0.241s] Level 1:colcon.colcon_core.package_identification:_identify(.) by extension 'python_setup_py'
[0.241s] Level 1:colcon.colcon_core.package_identification:_identify(build) by extensions ['ignore', 'ignore_ament_install']
[0.241s] Level 1:colcon.colcon_core.package_identification:_identify(build) by extension 'ignore'
[0.241s] Level 1:colcon.colcon_core.package_identification:_identify(build) ignored
[0.241s] Level 1:colcon.colcon_core.package_identification:_identify(install) by extensions ['ignore', 'ignore_ament_install']
[0.241s] Level 1:colcon.colcon_core.package_identification:_identify(install) by extension 'ignore'
[0.241s] Level 1:colcon.colcon_core.package_identification:_identify(install) ignored
[0.241s] Level 1:colcon.colcon_core.package_identification:_identify(log) by extensions ['ignore', 'ignore_ament_install']
[0.241s] Level 1:colcon.colcon_core.package_identification:_identify(log) by extension 'ignore'
[0.241s] Level 1:colcon.colcon_core.package_identification:_identify(log) ignored
[0.241s] Level 1:colcon.colcon_core.package_identification:_identify(src) by extensions ['ignore', 'ignore_ament_install']
[0.241s] Level 1:colcon.colcon_core.package_identification:_identify(src) by extension 'ignore'
[0.242s] Level 1:colcon.colcon_core.package_identification:_identify(src) by extension 'ignore_ament_install'
[0.242s] Level 1:colcon.colcon_core.package_identification:_identify(src) by extensions ['colcon_pkg']
[0.242s] Level 1:colcon.colcon_core.package_identification:_identify(src) by extension 'colcon_pkg'
[0.242s] Level 1:colcon.colcon_core.package_identification:_identify(src) by extensions ['colcon_meta']
[0.242s] Level 1:colcon.colcon_core.package_identification:_identify(src) by extension 'colcon_meta'
[0.242s] Level 1:colcon.colcon_core.package_identification:_identify(src) by extensions ['ros']
[0.242s] Level 1:colcon.colcon_core.package_identification:_identify(src) by extension 'ros'
[0.242s] Level 1:colcon.colcon_core.package_identification:_identify(src) by extensions ['cmake', 'python']
[0.242s] Level 1:colcon.colcon_core.package_identification:_identify(src) by extension 'cmake'
[0.242s] Level 1:colcon.colcon_core.package_identification:_identify(src) by extension 'python'
[0.242s] Level 1:colcon.colcon_core.package_identification:_identify(src) by extensions ['python_setup_py']
[0.242s] Level 1:colcon.colcon_core.package_identification:_identify(src) by extension 'python_setup_py'
[0.242s] Level 1:colcon.colcon_core.package_identification:_identify(src/baldybot_cs_bringup) by extensions ['ignore', 'ignore_ament_install']
[0.242s] Level 1:colcon.colcon_core.package_identification:_identify(src/baldybot_cs_bringup) by extension 'ignore'
[0.242s] Level 1:colcon.colcon_core.package_identification:_identify(src/baldybot_cs_bringup) by extension 'ignore_ament_install'
[0.242s] Level 1:colcon.colcon_core.package_identification:_identify(src/baldybot_cs_bringup) by extensions ['colcon_pkg']
[0.242s] Level 1:colcon.colcon_core.package_identification:_identify(src/baldybot_cs_bringup) by extension 'colcon_pkg'
[0.242s] Level 1:colcon.colcon_core.package_identification:_identify(src/baldybot_cs_bringup) by extensions ['colcon_meta']
[0.242s] Level 1:colcon.colcon_core.package_identification:_identify(src/baldybot_cs_bringup) by extension 'colcon_meta'
[0.242s] Level 1:colcon.colcon_core.package_identification:_identify(src/baldybot_cs_bringup) by extensions ['ros']
[0.242s] Level 1:colcon.colcon_core.package_identification:_identify(src/baldybot_cs_bringup) by extension 'ros'
[0.245s] DEBUG:colcon.colcon_core.package_identification:Package 'src/baldybot_cs_bringup' with type 'ros.ament_cmake' and name 'baldybot_cs_bringup'
[0.245s] Level 1:colcon.colcon_core.package_identification:_identify(src/baldybot_cs_commands) by extensions ['ignore', 'ignore_ament_install']
[0.245s] Level 1:colcon.colcon_core.package_identification:_identify(src/baldybot_cs_commands) by extension 'ignore'
[0.245s] Level 1:colcon.colcon_core.package_identification:_identify(src/baldybot_cs_commands) by extension 'ignore_ament_install'
[0.245s] Level 1:colcon.colcon_core.package_identification:_identify(src/baldybot_cs_commands) by extensions ['colcon_pkg']
[0.245s] Level 1:colcon.colcon_core.package_identification:_identify(src/baldybot_cs_commands) by extension 'colcon_pkg'
[0.245s] Level 1:colcon.colcon_core.package_identification:_identify(src/baldybot_cs_commands) by extensions ['colcon_meta']
[0.245s] Level 1:colcon.colcon_core.package_identification:_identify(src/baldybot_cs_commands) by extension 'colcon_meta'
[0.245s] Level 1:colcon.colcon_core.package_identification:_identify(src/baldybot_cs_commands) by extensions ['ros']
[0.245s] Level 1:colcon.colcon_core.package_identification:_identify(src/baldybot_cs_commands) by extension 'ros'
[0.246s] DEBUG:colcon.colcon_core.package_identification:Package 'src/baldybot_cs_commands' with type 'ros.ament_python' and name 'baldybot_cs_commands'
[0.247s] Level 1:colcon.colcon_core.package_identification:_identify(src/build) by extensions ['ignore', 'ignore_ament_install']
[0.248s] Level 1:colcon.colcon_core.package_identification:_identify(src/build) by extension 'ignore'
[0.248s] Level 1:colcon.colcon_core.package_identification:_identify(src/build) ignored
[0.248s] Level 1:colcon.colcon_core.package_identification:_identify(src/install) by extensions ['ignore', 'ignore_ament_install']
[0.248s] Level 1:colcon.colcon_core.package_identification:_identify(src/install) by extension 'ignore'
[0.248s] Level 1:colcon.colcon_core.package_identification:_identify(src/install) ignored
[0.248s] Level 1:colcon.colcon_core.package_identification:_identify(src/log) by extensions ['ignore', 'ignore_ament_install']
[0.248s] Level 1:colcon.colcon_core.package_identification:_identify(src/log) by extension 'ignore'
[0.248s] Level 1:colcon.colcon_core.package_identification:_identify(src/log) ignored
[0.248s] Level 1:colcon.colcon_core.package_discovery:discover_packages(recursive) using defaults
[0.248s] Level 1:colcon.colcon_core.package_discovery:discover_packages(ignore) discover
[0.248s] Level 1:colcon.colcon_core.package_discovery:discover_packages(ignore) using defaults
[0.248s] Level 1:colcon.colcon_core.package_discovery:discover_packages(path) discover
[0.248s] Level 1:colcon.colcon_core.package_discovery:discover_packages(path) using defaults
[0.280s] Level 1:colcon.colcon_core.package_discovery:discover_packages(prefix_path) check parameters
[0.280s] Level 1:colcon.colcon_core.package_discovery:discover_packages(prefix_path) discover
[0.282s] DEBUG:colcon.colcon_installed_package_information.package_discovery:Found 2 installed packages in /home/itti_jammy/Desktop/baldybot_cs/install
[0.282s] DEBUG:colcon.colcon_installed_package_information.package_discovery:Found 3 installed packages in /home/itti_jammy/RoverBaldies_ws/install
[0.283s] DEBUG:colcon.colcon_installed_package_information.package_discovery:Found 5 installed packages in /home/itti_jammy/ros2_ws_jammy/install
[0.283s] DEBUG:colcon.colcon_installed_package_information.package_discovery:Found 1 installed packages in /home/itti_jammy/Desktop/articubot_one/install
[0.284s] DEBUG:colcon.colcon_installed_package_information.package_discovery:Found 319 installed packages in /opt/ros/humble
[0.286s] Level 1:colcon.colcon_core.package_discovery:discover_packages(prefix_path) using defaults
[0.320s] Level 5:colcon.colcon_core.verb:set package 'baldybot_cs_bringup' build argument 'cmake_args' from command line to 'None'
[0.320s] Level 5:colcon.colcon_core.verb:set package 'baldybot_cs_bringup' build argument 'cmake_target' from command line to 'None'
[0.320s] Level 5:colcon.colcon_core.verb:set package 'baldybot_cs_bringup' build argument 'cmake_target_skip_unavailable' from command line to 'False'
[0.320s] Level 5:colcon.colcon_core.verb:set package 'baldybot_cs_bringup' build argument 'cmake_clean_cache' from command line to 'False'
[0.320s] Level 5:colcon.colcon_core.verb:set package 'baldybot_cs_bringup' build argument 'cmake_clean_first' from command line to 'False'
[0.320s] Level 5:colcon.colcon_core.verb:set package 'baldybot_cs_bringup' build argument 'cmake_force_configure' from command line to 'False'
[0.320s] Level 5:colcon.colcon_core.verb:set package 'baldybot_cs_bringup' build argument 'ament_cmake_args' from command line to 'None'
[0.320s] Level 5:colcon.colcon_core.verb:set package 'baldybot_cs_bringup' build argument 'catkin_cmake_args' from command line to 'None'
[0.320s] Level 5:colcon.colcon_core.verb:set package 'baldybot_cs_bringup' build argument 'catkin_skip_building_tests' from command line to 'False'
[0.320s] DEBUG:colcon.colcon_core.verb:Building package 'baldybot_cs_bringup' with the following arguments: {'ament_cmake_args': None, 'build_base': '/home/itti_jammy/Desktop/baldybot_cs/build/baldybot_cs_bringup', 'catkin_cmake_args': None, 'catkin_skip_building_tests': False, 'cmake_args': None, 'cmake_clean_cache': False, 'cmake_clean_first': False, 'cmake_force_configure': False, 'cmake_target': None, 'cmake_target_skip_unavailable': False, 'install_base': '/home/itti_jammy/Desktop/baldybot_cs/install/baldybot_cs_bringup', 'merge_install': False, 'path': '/home/itti_jammy/Desktop/baldybot_cs/src/baldybot_cs_bringup', 'symlink_install': False, 'test_result_base': None}
[0.321s] Level 5:colcon.colcon_core.verb:set package 'baldybot_cs_commands' build argument 'cmake_args' from command line to 'None'
[0.321s] Level 5:colcon.colcon_core.verb:set package 'baldybot_cs_commands' build argument 'cmake_target' from command line to 'None'
[0.321s] Level 5:colcon.colcon_core.verb:set package 'baldybot_cs_commands' build argument 'cmake_target_skip_unavailable' from command line to 'False'
[0.321s] Level 5:colcon.colcon_core.verb:set package 'baldybot_cs_commands' build argument 'cmake_clean_cache' from command line to 'False'
[0.321s] Level 5:colcon.colcon_core.verb:set package 'baldybot_cs_commands' build argument 'cmake_clean_first' from command line to 'False'
[0.321s] Level 5:colcon.colcon_core.verb:set package 'baldybot_cs_commands' build argument 'cmake_force_configure' from command line to 'False'
[0.321s] Level 5:colcon.colcon_core.verb:set package 'baldybot_cs_commands' build argument 'ament_cmake_args' from command line to 'None'
[0.321s] Level 5:colcon.colcon_core.verb:set package 'baldybot_cs_commands' build argument 'catkin_cmake_args' from command line to 'None'
[0.321s] Level 5:colcon.colcon_core.verb:set package 'baldybot_cs_commands' build argument 'catkin_skip_building_tests' from command line to 'False'
[0.321s] DEBUG:colcon.colcon_core.verb:Building package 'baldybot_cs_commands' with the following arguments: {'ament_cmake_args': None, 'build_base': '/home/itti_jammy/Desktop/baldybot_cs/build/baldybot_cs_commands', 'catkin_cmake_args': None, 'catkin_skip_building_tests': False, 'cmake_args': None, 'cmake_clean_cache': False, 'cmake_clean_first': False, 'cmake_force_configure': False, 'cmake_target': None, 'cmake_target_skip_unavailable': False, 'install_base': '/home/itti_jammy/Desktop/baldybot_cs/install/baldybot_cs_commands', 'merge_install': False, 'path': '/home/itti_jammy/Desktop/baldybot_cs/src/baldybot_cs_commands', 'symlink_install': False, 'test_result_base': None}
[0.321s] INFO:colcon.colcon_core.executor:Executing jobs using 'parallel' executor
[0.322s] DEBUG:colcon.colcon_parallel_executor.executor.parallel:run_until_complete
[0.322s] INFO:colcon.colcon_ros.task.ament_cmake.build:Building ROS package in '/home/itti_jammy/Desktop/baldybot_cs/src/baldybot_cs_bringup' with build type 'ament_cmake'
[0.322s] INFO:colcon.colcon_cmake.task.cmake.build:Building CMake package in '/home/itti_jammy/Desktop/baldybot_cs/src/baldybot_cs_bringup'
[0.324s] INFO:colcon.colcon_core.plugin_system:Skipping extension 'colcon_core.shell.bat': Not used on non-Windows systems
[0.324s] INFO:colcon.colcon_core.shell:Skip shell extension 'powershell' for command environment: Not usable outside of PowerShell
[0.324s] DEBUG:colcon.colcon_core.shell:Skip shell extension 'dsv' for command environment
[0.329s] INFO:colcon.colcon_ros.task.ament_python.build:Building ROS package in '/home/itti_jammy/Desktop/baldybot_cs/src/baldybot_cs_commands' with build type 'ament_python'
[0.329s] Level 1:colcon.colcon_core.shell:create_environment_hook('baldybot_cs_commands', 'ament_prefix_path')
[0.329s] INFO:colcon.colcon_core.shell:Creating environment hook '/home/itti_jammy/Desktop/baldybot_cs/install/baldybot_cs_commands/share/baldybot_cs_commands/hook/ament_prefix_path.ps1'
[0.330s] INFO:colcon.colcon_core.shell:Creating environment descriptor '/home/itti_jammy/Desktop/baldybot_cs/install/baldybot_cs_commands/share/baldybot_cs_commands/hook/ament_prefix_path.dsv'
[0.330s] INFO:colcon.colcon_core.shell:Creating environment hook '/home/itti_jammy/Desktop/baldybot_cs/install/baldybot_cs_commands/share/baldybot_cs_commands/hook/ament_prefix_path.sh'
[0.331s] INFO:colcon.colcon_core.shell:Skip shell extension 'powershell' for command environment: Not usable outside of PowerShell
[0.331s] DEBUG:colcon.colcon_core.shell:Skip shell extension 'dsv' for command environment
[0.341s] DEBUG:colcon.colcon_core.event_handler.log_command:Invoking command in '/home/itti_jammy/Desktop/baldybot_cs/build/baldybot_cs_bringup': CMAKE_PREFIX_PATH=${CMAKE_PREFIX_PATH}:/home/itti_jammy/Desktop/baldybot_cs/install/baldybot_cs_commands:/home/itti_jammy/ros2_ws_jammy/install/my_py_pkg:/home/itti_jammy/RoverBaldies_ws/install/baldybot_CS:/opt/ros/humble /usr/bin/cmake --build /home/itti_jammy/Desktop/baldybot_cs/build/baldybot_cs_bringup -- -j16 -l16
[0.558s] INFO:colcon.colcon_core.task.python.build:Building Python package in '/home/itti_jammy/Desktop/baldybot_cs/src/baldybot_cs_commands'
[0.558s] INFO:colcon.colcon_core.shell:Skip shell extension 'powershell' for command environment: Not usable outside of PowerShell
[0.559s] DEBUG:colcon.colcon_core.shell:Skip shell extension 'dsv' for command environment
[0.566s] DEBUG:colcon.colcon_core.event_handler.log_command:Invoked command in '/home/itti_jammy/Desktop/baldybot_cs/build/baldybot_cs_bringup' returned '0': CMAKE_PREFIX_PATH=${CMAKE_PREFIX_PATH}:/home/itti_jammy/Desktop/baldybot_cs/install/baldybot_cs_commands:/home/itti_jammy/ros2_ws_jammy/install/my_py_pkg:/home/itti_jammy/RoverBaldies_ws/install/baldybot_CS:/opt/ros/humble /usr/bin/cmake --build /home/itti_jammy/Desktop/baldybot_cs/build/baldybot_cs_bringup -- -j16 -l16
[0.586s] DEBUG:colcon.colcon_core.event_handler.log_command:Invoking command in '/home/itti_jammy/Desktop/baldybot_cs/build/baldybot_cs_bringup': CMAKE_PREFIX_PATH=${CMAKE_PREFIX_PATH}:/home/itti_jammy/Desktop/baldybot_cs/install/baldybot_cs_commands:/home/itti_jammy/ros2_ws_jammy/install/my_py_pkg:/home/itti_jammy/RoverBaldies_ws/install/baldybot_CS:/opt/ros/humble /usr/bin/cmake --install /home/itti_jammy/Desktop/baldybot_cs/build/baldybot_cs_bringup
[0.596s] Level 1:colcon.colcon_core.environment:create_environment_scripts_only(baldybot_cs_bringup)
[0.597s] DEBUG:colcon.colcon_core.event_handler.log_command:Invoked command in '/home/itti_jammy/Desktop/baldybot_cs/build/baldybot_cs_bringup' returned '0': CMAKE_PREFIX_PATH=${CMAKE_PREFIX_PATH}:/home/itti_jammy/Desktop/baldybot_cs/install/baldybot_cs_commands:/home/itti_jammy/ros2_ws_jammy/install/my_py_pkg:/home/itti_jammy/RoverBaldies_ws/install/baldybot_CS:/opt/ros/humble /usr/bin/cmake --install /home/itti_jammy/Desktop/baldybot_cs/build/baldybot_cs_bringup
[0.601s] Level 1:colcon.colcon_core.environment:checking '/home/itti_jammy/Desktop/baldybot_cs/install/baldybot_cs_bringup' for CMake module files
[0.602s] Level 1:colcon.colcon_core.environment:checking '/home/itti_jammy/Desktop/baldybot_cs/install/baldybot_cs_bringup' for CMake config files
[0.602s] Level 1:colcon.colcon_core.shell:create_environment_hook('baldybot_cs_bringup', 'cmake_prefix_path')
[0.603s] INFO:colcon.colcon_core.shell:Creating environment hook '/home/itti_jammy/Desktop/baldybot_cs/install/baldybot_cs_bringup/share/baldybot_cs_bringup/hook/cmake_prefix_path.ps1'
[0.604s] INFO:colcon.colcon_core.shell:Creating environment descriptor '/home/itti_jammy/Desktop/baldybot_cs/install/baldybot_cs_bringup/share/baldybot_cs_bringup/hook/cmake_prefix_path.dsv'
[0.604s] INFO:colcon.colcon_core.shell:Creating environment hook '/home/itti_jammy/Desktop/baldybot_cs/install/baldybot_cs_bringup/share/baldybot_cs_bringup/hook/cmake_prefix_path.sh'
[0.605s] Level 1:colcon.colcon_core.environment:checking '/home/itti_jammy/Desktop/baldybot_cs/install/baldybot_cs_bringup/bin'
[0.605s] Level 1:colcon.colcon_core.environment:checking '/home/itti_jammy/Desktop/baldybot_cs/install/baldybot_cs_bringup/lib/pkgconfig/baldybot_cs_bringup.pc'
[0.606s] Level 1:colcon.colcon_core.environment:checking '/home/itti_jammy/Desktop/baldybot_cs/install/baldybot_cs_bringup/lib/python3.10/site-packages'
[0.606s] Level 1:colcon.colcon_core.environment:checking '/home/itti_jammy/Desktop/baldybot_cs/install/baldybot_cs_bringup/bin'
[0.607s] INFO:colcon.colcon_core.shell:Creating package script '/home/itti_jammy/Desktop/baldybot_cs/install/baldybot_cs_bringup/share/baldybot_cs_bringup/package.ps1'
[0.609s] INFO:colcon.colcon_core.shell:Creating package descriptor '/home/itti_jammy/Desktop/baldybot_cs/install/baldybot_cs_bringup/share/baldybot_cs_bringup/package.dsv'
[0.610s] INFO:colcon.colcon_core.shell:Creating package script '/home/itti_jammy/Desktop/baldybot_cs/install/baldybot_cs_bringup/share/baldybot_cs_bringup/package.sh'
[0.611s] INFO:colcon.colcon_core.shell:Creating package script '/home/itti_jammy/Desktop/baldybot_cs/install/baldybot_cs_bringup/share/baldybot_cs_bringup/package.bash'
[0.612s] INFO:colcon.colcon_core.shell:Creating package script '/home/itti_jammy/Desktop/baldybot_cs/install/baldybot_cs_bringup/share/baldybot_cs_bringup/package.zsh'
[0.614s] Level 1:colcon.colcon_core.environment:create_file_with_runtime_dependencies(/home/itti_jammy/Desktop/baldybot_cs/install/baldybot_cs_bringup/share/colcon-core/packages/baldybot_cs_bringup)
[0.615s] Level 1:colcon.colcon_core.environment:create_environment_scripts_only(baldybot_cs_bringup)
[0.615s] Level 1:colcon.colcon_core.environment:checking '/home/itti_jammy/Desktop/baldybot_cs/install/baldybot_cs_bringup' for CMake module files
[0.616s] Level 1:colcon.colcon_core.environment:checking '/home/itti_jammy/Desktop/baldybot_cs/install/baldybot_cs_bringup' for CMake config files
[0.616s] Level 1:colcon.colcon_core.shell:create_environment_hook('baldybot_cs_bringup', 'cmake_prefix_path')
[0.617s] INFO:colcon.colcon_core.shell:Creating environment hook '/home/itti_jammy/Desktop/baldybot_cs/install/baldybot_cs_bringup/share/baldybot_cs_bringup/hook/cmake_prefix_path.ps1'
[0.618s] INFO:colcon.colcon_core.shell:Creating environment descriptor '/home/itti_jammy/Desktop/baldybot_cs/install/baldybot_cs_bringup/share/baldybot_cs_bringup/hook/cmake_prefix_path.dsv'
[0.618s] INFO:colcon.colcon_core.shell:Creating environment hook '/home/itti_jammy/Desktop/baldybot_cs/install/baldybot_cs_bringup/share/baldybot_cs_bringup/hook/cmake_prefix_path.sh'
[0.619s] Level 1:colcon.colcon_core.environment:checking '/home/itti_jammy/Desktop/baldybot_cs/install/baldybot_cs_bringup/bin'
[0.619s] Level 1:colcon.colcon_core.environment:checking '/home/itti_jammy/Desktop/baldybot_cs/install/baldybot_cs_bringup/lib/pkgconfig/baldybot_cs_bringup.pc'
[0.620s] Level 1:colcon.colcon_core.environment:checking '/home/itti_jammy/Desktop/baldybot_cs/install/baldybot_cs_bringup/lib/python3.10/site-packages'
[0.620s] Level 1:colcon.colcon_core.environment:checking '/home/itti_jammy/Desktop/baldybot_cs/install/baldybot_cs_bringup/bin'
[0.621s] INFO:colcon.colcon_core.shell:Creating package script '/home/itti_jammy/Desktop/baldybot_cs/install/baldybot_cs_bringup/share/baldybot_cs_bringup/package.ps1'
[0.622s] INFO:colcon.colcon_core.shell:Creating package descriptor '/home/itti_jammy/Desktop/baldybot_cs/install/baldybot_cs_bringup/share/baldybot_cs_bringup/package.dsv'
[0.623s] INFO:colcon.colcon_core.shell:Creating package script '/home/itti_jammy/Desktop/baldybot_cs/install/baldybot_cs_bringup/share/baldybot_cs_bringup/package.sh'
[0.624s] INFO:colcon.colcon_core.shell:Creating package script '/home/itti_jammy/Desktop/baldybot_cs/install/baldybot_cs_bringup/share/baldybot_cs_bringup/package.bash'
[0.625s] INFO:colcon.colcon_core.shell:Creating package script '/home/itti_jammy/Desktop/baldybot_cs/install/baldybot_cs_bringup/share/baldybot_cs_bringup/package.zsh'
[0.626s] Level 1:colcon.colcon_core.environment:create_file_with_runtime_dependencies(/home/itti_jammy/Desktop/baldybot_cs/install/baldybot_cs_bringup/share/colcon-core/packages/baldybot_cs_bringup)
[0.882s] DEBUG:colcon.colcon_core.event_handler.log_command:Invoking command in '/home/itti_jammy/Desktop/baldybot_cs/src/baldybot_cs_commands': PYTHONPATH=/home/itti_jammy/Desktop/baldybot_cs/build/baldybot_cs_commands/prefix_override:/usr/lib/python3/dist-packages/colcon_core/task/python/colcon_distutils_commands:/home/itti_jammy/Desktop/baldybot_cs/install/baldybot_cs_commands/lib/python3.10/site-packages:${PYTHONPATH} /usr/bin/python3 -W ignore:setup.py install is deprecated -W ignore:easy_install command is deprecated setup.py egg_info --egg-base ../../build/baldybot_cs_commands build --build-base /home/itti_jammy/Desktop/baldybot_cs/build/baldybot_cs_commands/build install --record /home/itti_jammy/Desktop/baldybot_cs/build/baldybot_cs_commands/install.log --single-version-externally-managed install_data
[1.134s] Level 1:colcon.colcon_core.environment:checking '/home/itti_jammy/Desktop/baldybot_cs/install/baldybot_cs_commands' for CMake module files
[1.134s] DEBUG:colcon.colcon_core.event_handler.log_command:Invoked command in '/home/itti_jammy/Desktop/baldybot_cs/src/baldybot_cs_commands' returned '0': PYTHONPATH=/home/itti_jammy/Desktop/baldybot_cs/build/baldybot_cs_commands/prefix_override:/usr/lib/python3/dist-packages/colcon_core/task/python/colcon_distutils_commands:/home/itti_jammy/Desktop/baldybot_cs/install/baldybot_cs_commands/lib/python3.10/site-packages:${PYTHONPATH} /usr/bin/python3 -W ignore:setup.py install is deprecated -W ignore:easy_install command is deprecated setup.py egg_info --egg-base ../../build/baldybot_cs_commands build --build-base /home/itti_jammy/Desktop/baldybot_cs/build/baldybot_cs_commands/build install --record /home/itti_jammy/Desktop/baldybot_cs/build/baldybot_cs_commands/install.log --single-version-externally-managed install_data
[1.135s] Level 1:colcon.colcon_core.environment:checking '/home/itti_jammy/Desktop/baldybot_cs/install/baldybot_cs_commands' for CMake config files
[1.136s] Level 1:colcon.colcon_core.environment:checking '/home/itti_jammy/Desktop/baldybot_cs/install/baldybot_cs_commands/lib'
[1.136s] Level 1:colcon.colcon_core.environment:checking '/home/itti_jammy/Desktop/baldybot_cs/install/baldybot_cs_commands/bin'
[1.136s] Level 1:colcon.colcon_core.environment:checking '/home/itti_jammy/Desktop/baldybot_cs/install/baldybot_cs_commands/lib/pkgconfig/baldybot_cs_commands.pc'
[1.137s] Level 1:colcon.colcon_core.environment:checking '/home/itti_jammy/Desktop/baldybot_cs/install/baldybot_cs_commands/lib/python3.10/site-packages'
[1.137s] Level 1:colcon.colcon_core.shell:create_environment_hook('baldybot_cs_commands', 'pythonpath')
[1.137s] INFO:colcon.colcon_core.shell:Creating environment hook '/home/itti_jammy/Desktop/baldybot_cs/install/baldybot_cs_commands/share/baldybot_cs_commands/hook/pythonpath.ps1'
[1.138s] INFO:colcon.colcon_core.shell:Creating environment descriptor '/home/itti_jammy/Desktop/baldybot_cs/install/baldybot_cs_commands/share/baldybot_cs_commands/hook/pythonpath.dsv'
[1.139s] INFO:colcon.colcon_core.shell:Creating environment hook '/home/itti_jammy/Desktop/baldybot_cs/install/baldybot_cs_commands/share/baldybot_cs_commands/hook/pythonpath.sh'
[1.140s] Level 1:colcon.colcon_core.environment:checking '/home/itti_jammy/Desktop/baldybot_cs/install/baldybot_cs_commands/bin'
[1.140s] Level 1:colcon.colcon_core.environment:create_environment_scripts_only(baldybot_cs_commands)
[1.141s] INFO:colcon.colcon_core.shell:Creating package script '/home/itti_jammy/Desktop/baldybot_cs/install/baldybot_cs_commands/share/baldybot_cs_commands/package.ps1'
[1.142s] INFO:colcon.colcon_core.shell:Creating package descriptor '/home/itti_jammy/Desktop/baldybot_cs/install/baldybot_cs_commands/share/baldybot_cs_commands/package.dsv'
[1.143s] INFO:colcon.colcon_core.shell:Creating package script '/home/itti_jammy/Desktop/baldybot_cs/install/baldybot_cs_commands/share/baldybot_cs_commands/package.sh'
[1.144s] INFO:colcon.colcon_core.shell:Creating package script '/home/itti_jammy/Desktop/baldybot_cs/install/baldybot_cs_commands/share/baldybot_cs_commands/package.bash'
[1.144s] INFO:colcon.colcon_core.shell:Creating package script '/home/itti_jammy/Desktop/baldybot_cs/install/baldybot_cs_commands/share/baldybot_cs_commands/package.zsh'
[1.145s] Level 1:colcon.colcon_core.environment:create_file_with_runtime_dependencies(/home/itti_jammy/Desktop/baldybot_cs/install/baldybot_cs_commands/share/colcon-core/packages/baldybot_cs_commands)
[1.145s] DEBUG:colcon.colcon_parallel_executor.executor.parallel:closing loop
[1.146s] DEBUG:colcon.colcon_parallel_executor.executor.parallel:loop closed
[1.146s] DEBUG:colcon.colcon_parallel_executor.executor.parallel:run_until_complete finished with '0'
[1.146s] DEBUG:colcon.colcon_core.event_reactor:joining thread
[1.156s] INFO:colcon.colcon_core.plugin_system:Skipping extension 'colcon_notification.desktop_notification.terminal_notifier': Not used on non-Darwin systems
[1.156s] INFO:colcon.colcon_core.plugin_system:Skipping extension 'colcon_notification.desktop_notification.win32': Not used on non-Windows systems
[1.156s] INFO:colcon.colcon_notification.desktop_notification:Sending desktop notification using 'notify2'
[1.183s] DEBUG:colcon.colcon_core.event_reactor:joined thread
[1.183s] INFO:colcon.colcon_core.shell:Creating prefix script '/home/itti_jammy/Desktop/baldybot_cs/install/local_setup.ps1'
[1.185s] INFO:colcon.colcon_core.shell:Creating prefix util module '/home/itti_jammy/Desktop/baldybot_cs/install/_local_setup_util_ps1.py'
[1.188s] INFO:colcon.colcon_core.shell:Creating prefix chain script '/home/itti_jammy/Desktop/baldybot_cs/install/setup.ps1'
[1.192s] INFO:colcon.colcon_core.shell:Creating prefix script '/home/itti_jammy/Desktop/baldybot_cs/install/local_setup.sh'
[1.193s] INFO:colcon.colcon_core.shell:Creating prefix util module '/home/itti_jammy/Desktop/baldybot_cs/install/_local_setup_util_sh.py'
[1.194s] INFO:colcon.colcon_core.shell:Creating prefix chain script '/home/itti_jammy/Desktop/baldybot_cs/install/setup.sh'
[1.197s] INFO:colcon.colcon_core.shell:Creating prefix script '/home/itti_jammy/Desktop/baldybot_cs/install/local_setup.bash'
[1.198s] INFO:colcon.colcon_core.shell:Creating prefix chain script '/home/itti_jammy/Desktop/baldybot_cs/install/setup.bash'
[1.202s] INFO:colcon.colcon_core.shell:Creating prefix script '/home/itti_jammy/Desktop/baldybot_cs/install/local_setup.zsh'
[1.203s] INFO:colcon.colcon_core.shell:Creating prefix chain script '/home/itti_jammy/Desktop/baldybot_cs/install/setup.zsh'
